mode: set
github.com/upmio/compose-operator/controller/setup.go:34.36,42.4 1 0
github.com/upmio/compose-operator/controller/setup.go:42.4,43.36 1 0
github.com/upmio/compose-operator/controller/setup.go:43.36,45.4 1 0
github.com/upmio/compose-operator/controller/setup.go:47.2,47.12 1 0
github.com/upmio/compose-operator/cmd/main.go:54.13,59.2 2 0
github.com/upmio/compose-operator/cmd/main.go:61.13,79.10 12 0
github.com/upmio/compose-operator/cmd/main.go:79.10,82.3 2 0
github.com/upmio/compose-operator/cmd/main.go:84.2,86.53 2 0
github.com/upmio/compose-operator/cmd/main.go:86.53,89.3 2 0
github.com/upmio/compose-operator/cmd/main.go:89.8,92.3 1 0
github.com/upmio/compose-operator/cmd/main.go:94.2,95.16 2 0
github.com/upmio/compose-operator/cmd/main.go:95.16,97.3 1 0
github.com/upmio/compose-operator/cmd/main.go:98.2,124.16 3 0
github.com/upmio/compose-operator/cmd/main.go:124.16,127.3 2 0
github.com/upmio/compose-operator/cmd/main.go:129.2,130.16 2 0
github.com/upmio/compose-operator/cmd/main.go:130.16,133.3 2 0
github.com/upmio/compose-operator/cmd/main.go:135.2,136.16 2 0
github.com/upmio/compose-operator/cmd/main.go:136.16,139.3 2 0
github.com/upmio/compose-operator/cmd/main.go:143.2,143.69 1 0
github.com/upmio/compose-operator/cmd/main.go:143.69,146.3 2 0
github.com/upmio/compose-operator/cmd/main.go:147.2,147.67 1 0
github.com/upmio/compose-operator/cmd/main.go:147.67,150.3 2 0
github.com/upmio/compose-operator/cmd/main.go:152.2,153.61 2 0
github.com/upmio/compose-operator/cmd/main.go:153.61,156.3 2 0
github.com/upmio/compose-operator/api/v1alpha1/default.go:190.97,198.2 1 1
github.com/upmio/compose-operator/api/v1alpha1/default.go:200.97,208.2 1 1
github.com/upmio/compose-operator/api/v1alpha1/default.go:210.103,218.2 1 1
github.com/upmio/compose-operator/api/v1alpha1/mysqlgroupreplication_types.go:127.13,129.2 1 1
github.com/upmio/compose-operator/api/v1alpha1/mysqlreplication_types.go:169.13,171.2 1 1
github.com/upmio/compose-operator/api/v1alpha1/postgresreplication_types.go:142.13,144.2 1 1
github.com/upmio/compose-operator/api/v1alpha1/proxysqlsync_types.go:116.13,118.2 1 1
github.com/upmio/compose-operator/api/v1alpha1/rediscluster_types.go:138.13,140.2 1 1
github.com/upmio/compose-operator/api/v1alpha1/redisreplication_types.go:134.13,136.2 1 1
github.com/upmio/compose-operator/api/v1alpha1/zz_generated.deepcopy.go:31.53,33.2 1 1
github.com/upmio/compose-operator/api/v1alpha1/zz_generated.deepcopy.go:36.46,37.15 1 1
github.com/upmio/compose-operator/api/v1alpha1/zz_generated.deepcopy.go:37.15,39.3 1 0
github.com/upmio/compose-operator/api/v1alpha1/zz_generated.deepcopy.go:40.2,42.12 3 1
github.com/upmio/compose-operator/api/v1alpha1/zz_generated.deepcopy.go:46.54,47.2 1 1
github.com/upmio/compose-operator/api/v1alpha1/zz_generated.deepcopy.go:47.2,50.22 3 1
github.com/upmio/compose-operator/api/v1alpha1/zz_generated.deepcopy.go:50.22,51.23 1 1
github.com/upmio/compose-operator/api/v1alpha1/zz_generated.deepcopy.go:51.23,55.5 3 1
github.com/upmio/compose-operator/api/v1alpha1/zz_generated.deepcopy.go:61.46,62.15 1 1
github.com/upmio/compose-operator/api/v1alpha1/zz_generated.deepcopy.go:62.15,64.3 1 0
github.com/upmio/compose-operator/api/v1alpha1/zz_generated.deepcopy.go:65.2,67.13 3 1
github.com/upmio/compose-operator/api/v1alpha1/zz_generated.deepcopy.go:71.75,77.2 5 0
github.com/upmio/compose-operator/api/v1alpha1/zz_generated.deepcopy.go:80.68,81.15 1 0
github.com/upmio/compose-operator/api/v1alpha1/zz_generated.deepcopy.go:81.15,83.3 1 0
github.com/upmio/compose-operator/api/v1alpha1/zz_generated.deepcopy.go:84.2,86.12 3 0
github.com/upmio/compose-operator/api/v1alpha1/zz_generated.deepcopy.go:90.66,91.34 1 0
github.com/upmio/compose-operator/api/v1alpha1/zz_generated.deepcopy.go:91.34,93.3 1 0
github.com/upmio/compose-operator/api/v1alpha1/zz_generated.deepcopy.go:94.2,94.12 1 0
github.com/upmio/compose-operator/api/v1alpha1/zz_generated.deepcopy.go:98.83,102.21 4 0
github.com/upmio/compose-operator/api/v1alpha1/zz_generated.deepcopy.go:102.21,105.22 3 0
github.com/upmio/compose-operator/api/v1alpha1/zz_generated.deepcopy.go:105.22,107.4 1 0
github.com/upmio/compose-operator/api/v1alpha1/zz_generated.deepcopy.go:112.76,113.15 1 0
github.com/upmio/compose-operator/api/v1alpha1/zz_generated.deepcopy.go:113.15,115.3 1 0
github.com/upmio/compose-operator/api/v1alpha1/zz_generated.deepcopy.go:116.2,118.12 3 0
github.com/upmio/compose-operator/api/v1alpha1/zz_generated.deepcopy.go:122.70,123.34 1 0
github.com/upmio/compose-operator/api/v1alpha1/zz_generated.deepcopy.go:123.34,125.3 1 0
github.com/upmio/compose-operator/api/v1alpha1/zz_generated.deepcopy.go:126.2,126.12 1 0
github.com/upmio/compose-operator/api/v1alpha1/zz_generated.deepcopy.go:130.83,132.2 1 0
github.com/upmio/compose-operator/api/v1alpha1/zz_generated.deepcopy.go:135.76,136.15 1 0
github.com/upmio/compose-operator/api/v1alpha1/zz_generated.deepcopy.go:136.15,138.3 1 0
github.com/upmio/compose-operator/api/v1alpha1/zz_generated.deepcopy.go:139.2,141.12 3 0
github.com/upmio/compose-operator/api/v1alpha1/zz_generated.deepcopy.go:145.87,147.2 1 0
github.com/upmio/compose-operator/api/v1alpha1/zz_generated.deepcopy.go:150.80,151.15 1 0
github.com/upmio/compose-operator/api/v1alpha1/zz_generated.deepcopy.go:151.15,153.3 1 0
github.com/upmio/compose-operator/api/v1alpha1/zz_generated.deepcopy.go:154.2,156.12 3 0
github.com/upmio/compose-operator/api/v1alpha1/zz_generated.deepcopy.go:160.83,163.22 3 0
github.com/upmio/compose-operator/api/v1alpha1/zz_generated.deepcopy.go:163.22,166.22 3 0
github.com/upmio/compose-operator/api/v1alpha1/zz_generated.deepcopy.go:166.22,167.23 1 0
github.com/upmio/compose-operator/api/v1alpha1/zz_generated.deepcopy.go:167.23,171.5 3 0
github.com/upmio/compose-operator/api/v1alpha1/zz_generated.deepcopy.go:177.76,178.15 1 0
github.com/upmio/compose-operator/api/v1alpha1/zz_generated.deepcopy.go:178.15,180.3 1 0
github.com/upmio/compose-operator/api/v1alpha1/zz_generated.deepcopy.go:181.2,183.12 3 0
github.com/upmio/compose-operator/api/v1alpha1/zz_generated.deepcopy.go:187.87,189.24 2 0
github.com/upmio/compose-operator/api/v1alpha1/zz_generated.deepcopy.go:189.24,192.29 3 0
github.com/upmio/compose-operator/api/v1alpha1/zz_generated.deepcopy.go:192.29,194.18 2 0
github.com/upmio/compose-operator/api/v1alpha1/zz_generated.deepcopy.go:194.18,196.5 1 0
github.com/upmio/compose-operator/api/v1alpha1/zz_generated.deepcopy.go:196.10,201.5 4 0
github.com/upmio/compose-operator/api/v1alpha1/zz_generated.deepcopy.go:202.4,202.24 1 0
github.com/upmio/compose-operator/api/v1alpha1/zz_generated.deepcopy.go:205.2,205.26 1 0
github.com/upmio/compose-operator/api/v1alpha1/zz_generated.deepcopy.go:205.26,208.22 3 0
github.com/upmio/compose-operator/api/v1alpha1/zz_generated.deepcopy.go:208.22,210.4 1 0
github.com/upmio/compose-operator/api/v1alpha1/zz_generated.deepcopy.go:215.80,216.15 1 0
github.com/upmio/compose-operator/api/v1alpha1/zz_generated.deepcopy.go:216.15,218.3 1 0
github.com/upmio/compose-operator/api/v1alpha1/zz_generated.deepcopy.go:219.2,221.12 3 0
github.com/upmio/compose-operator/api/v1alpha1/zz_generated.deepcopy.go:225.90,226.2 1 0
github.com/upmio/compose-operator/api/v1alpha1/zz_generated.deepcopy.go:226.2,229.29 3 0
github.com/upmio/compose-operator/api/v1alpha1/zz_generated.deepcopy.go:229.29,231.18 2 0
github.com/upmio/compose-operator/api/v1alpha1/zz_generated.deepcopy.go:231.18,233.5 1 0
github.com/upmio/compose-operator/api/v1alpha1/zz_generated.deepcopy.go:233.10,238.5 4 0
github.com/upmio/compose-operator/api/v1alpha1/zz_generated.deepcopy.go:239.4,239.24 1 0
github.com/upmio/compose-operator/api/v1alpha1/zz_generated.deepcopy.go:245.82,246.15 1 0
github.com/upmio/compose-operator/api/v1alpha1/zz_generated.deepcopy.go:246.15,248.3 1 0
github.com/upmio/compose-operator/api/v1alpha1/zz_generated.deepcopy.go:249.2,251.13 3 0
github.com/upmio/compose-operator/api/v1alpha1/zz_generated.deepcopy.go:255.65,261.2 5 1
github.com/upmio/compose-operator/api/v1alpha1/zz_generated.deepcopy.go:264.58,265.15 1 1
github.com/upmio/compose-operator/api/v1alpha1/zz_generated.deepcopy.go:265.15,267.3 1 0
github.com/upmio/compose-operator/api/v1alpha1/zz_generated.deepcopy.go:268.2,270.12 3 1
github.com/upmio/compose-operator/api/v1alpha1/zz_generated.deepcopy.go:274.61,275.34 1 1
github.com/upmio/compose-operator/api/v1alpha1/zz_generated.deepcopy.go:275.34,277.3 1 1
github.com/upmio/compose-operator/api/v1alpha1/zz_generated.deepcopy.go:278.2,278.12 1 0
github.com/upmio/compose-operator/api/v1alpha1/zz_generated.deepcopy.go:282.73,286.21 4 1
github.com/upmio/compose-operator/api/v1alpha1/zz_generated.deepcopy.go:286.21,289.22 3 1
github.com/upmio/compose-operator/api/v1alpha1/zz_generated.deepcopy.go:289.22,291.4 1 1
github.com/upmio/compose-operator/api/v1alpha1/zz_generated.deepcopy.go:296.66,297.15 1 1
github.com/upmio/compose-operator/api/v1alpha1/zz_generated.deepcopy.go:297.15,299.3 1 0
github.com/upmio/compose-operator/api/v1alpha1/zz_generated.deepcopy.go:300.2,302.12 3 1
github.com/upmio/compose-operator/api/v1alpha1/zz_generated.deepcopy.go:306.65,307.34 1 1
github.com/upmio/compose-operator/api/v1alpha1/zz_generated.deepcopy.go:307.34,309.3 1 1
github.com/upmio/compose-operator/api/v1alpha1/zz_generated.deepcopy.go:310.2,310.12 1 0
github.com/upmio/compose-operator/api/v1alpha1/zz_generated.deepcopy.go:314.73,316.35 2 1
github.com/upmio/compose-operator/api/v1alpha1/zz_generated.deepcopy.go:316.35,320.3 3 0
github.com/upmio/compose-operator/api/v1alpha1/zz_generated.deepcopy.go:324.66,325.15 1 1
github.com/upmio/compose-operator/api/v1alpha1/zz_generated.deepcopy.go:325.15,327.3 1 0
github.com/upmio/compose-operator/api/v1alpha1/zz_generated.deepcopy.go:328.2,330.12 3 1
github.com/upmio/compose-operator/api/v1alpha1/zz_generated.deepcopy.go:334.77,336.2 1 1
github.com/upmio/compose-operator/api/v1alpha1/zz_generated.deepcopy.go:339.70,340.15 1 1
github.com/upmio/compose-operator/api/v1alpha1/zz_generated.deepcopy.go:340.15,342.3 1 0
github.com/upmio/compose-operator/api/v1alpha1/zz_generated.deepcopy.go:343.2,345.12 3 1
github.com/upmio/compose-operator/api/v1alpha1/zz_generated.deepcopy.go:349.73,352.22 3 1
github.com/upmio/compose-operator/api/v1alpha1/zz_generated.deepcopy.go:352.22,356.3 3 1
github.com/upmio/compose-operator/api/v1alpha1/zz_generated.deepcopy.go:357.2,357.23 1 1
github.com/upmio/compose-operator/api/v1alpha1/zz_generated.deepcopy.go:357.23,361.3 3 1
github.com/upmio/compose-operator/api/v1alpha1/zz_generated.deepcopy.go:362.2,362.23 1 1
github.com/upmio/compose-operator/api/v1alpha1/zz_generated.deepcopy.go:362.23,365.22 3 1
github.com/upmio/compose-operator/api/v1alpha1/zz_generated.deepcopy.go:365.22,366.23 1 1
github.com/upmio/compose-operator/api/v1alpha1/zz_generated.deepcopy.go:366.23,370.5 3 1
github.com/upmio/compose-operator/api/v1alpha1/zz_generated.deepcopy.go:376.66,377.15 1 1
github.com/upmio/compose-operator/api/v1alpha1/zz_generated.deepcopy.go:377.15,379.3 1 0
github.com/upmio/compose-operator/api/v1alpha1/zz_generated.deepcopy.go:380.2,382.12 3 1
github.com/upmio/compose-operator/api/v1alpha1/zz_generated.deepcopy.go:386.77,388.24 2 1
github.com/upmio/compose-operator/api/v1alpha1/zz_generated.deepcopy.go:388.24,391.29 3 1
github.com/upmio/compose-operator/api/v1alpha1/zz_generated.deepcopy.go:391.29,393.18 2 1
github.com/upmio/compose-operator/api/v1alpha1/zz_generated.deepcopy.go:393.18,395.5 1 0
github.com/upmio/compose-operator/api/v1alpha1/zz_generated.deepcopy.go:395.10,400.5 4 1
github.com/upmio/compose-operator/api/v1alpha1/zz_generated.deepcopy.go:401.4,401.24 1 1
github.com/upmio/compose-operator/api/v1alpha1/zz_generated.deepcopy.go:404.2,404.26 1 1
github.com/upmio/compose-operator/api/v1alpha1/zz_generated.deepcopy.go:404.26,407.22 3 1
github.com/upmio/compose-operator/api/v1alpha1/zz_generated.deepcopy.go:407.22,409.4 1 1
github.com/upmio/compose-operator/api/v1alpha1/zz_generated.deepcopy.go:414.70,415.15 1 1
github.com/upmio/compose-operator/api/v1alpha1/zz_generated.deepcopy.go:415.15,417.3 1 0
github.com/upmio/compose-operator/api/v1alpha1/zz_generated.deepcopy.go:418.2,420.12 3 1
github.com/upmio/compose-operator/api/v1alpha1/zz_generated.deepcopy.go:424.80,425.2 1 1
github.com/upmio/compose-operator/api/v1alpha1/zz_generated.deepcopy.go:425.2,428.29 3 1
github.com/upmio/compose-operator/api/v1alpha1/zz_generated.deepcopy.go:428.29,430.18 2 1
github.com/upmio/compose-operator/api/v1alpha1/zz_generated.deepcopy.go:430.18,432.5 1 0
github.com/upmio/compose-operator/api/v1alpha1/zz_generated.deepcopy.go:432.10,437.5 4 1
github.com/upmio/compose-operator/api/v1alpha1/zz_generated.deepcopy.go:438.4,438.24 1 1
github.com/upmio/compose-operator/api/v1alpha1/zz_generated.deepcopy.go:444.72,445.15 1 1
github.com/upmio/compose-operator/api/v1alpha1/zz_generated.deepcopy.go:445.15,447.3 1 0
github.com/upmio/compose-operator/api/v1alpha1/zz_generated.deepcopy.go:448.2,450.13 3 1
github.com/upmio/compose-operator/api/v1alpha1/zz_generated.deepcopy.go:454.71,460.2 5 1
github.com/upmio/compose-operator/api/v1alpha1/zz_generated.deepcopy.go:463.64,464.15 1 1
github.com/upmio/compose-operator/api/v1alpha1/zz_generated.deepcopy.go:464.15,466.3 1 0
github.com/upmio/compose-operator/api/v1alpha1/zz_generated.deepcopy.go:467.2,469.12 3 1
github.com/upmio/compose-operator/api/v1alpha1/zz_generated.deepcopy.go:473.64,474.34 1 1
github.com/upmio/compose-operator/api/v1alpha1/zz_generated.deepcopy.go:474.34,476.3 1 1
github.com/upmio/compose-operator/api/v1alpha1/zz_generated.deepcopy.go:477.2,477.12 1 0
github.com/upmio/compose-operator/api/v1alpha1/zz_generated.deepcopy.go:481.79,485.21 4 1
github.com/upmio/compose-operator/api/v1alpha1/zz_generated.deepcopy.go:485.21,488.22 3 1
github.com/upmio/compose-operator/api/v1alpha1/zz_generated.deepcopy.go:488.22,490.4 1 1
github.com/upmio/compose-operator/api/v1alpha1/zz_generated.deepcopy.go:495.72,496.15 1 1
github.com/upmio/compose-operator/api/v1alpha1/zz_generated.deepcopy.go:496.15,498.3 1 0
github.com/upmio/compose-operator/api/v1alpha1/zz_generated.deepcopy.go:499.2,501.12 3 1
github.com/upmio/compose-operator/api/v1alpha1/zz_generated.deepcopy.go:505.68,506.34 1 1
github.com/upmio/compose-operator/api/v1alpha1/zz_generated.deepcopy.go:506.34,508.3 1 1
github.com/upmio/compose-operator/api/v1alpha1/zz_generated.deepcopy.go:509.2,509.12 1 0
github.com/upmio/compose-operator/api/v1alpha1/zz_generated.deepcopy.go:513.79,515.23 2 1
github.com/upmio/compose-operator/api/v1alpha1/zz_generated.deepcopy.go:515.23,519.3 3 0
github.com/upmio/compose-operator/api/v1alpha1/zz_generated.deepcopy.go:523.72,524.15 1 1
github.com/upmio/compose-operator/api/v1alpha1/zz_generated.deepcopy.go:524.15,526.3 1 0
github.com/upmio/compose-operator/api/v1alpha1/zz_generated.deepcopy.go:527.2,529.12 3 1
github.com/upmio/compose-operator/api/v1alpha1/zz_generated.deepcopy.go:533.83,535.2 1 1
github.com/upmio/compose-operator/api/v1alpha1/zz_generated.deepcopy.go:538.76,539.15 1 1
github.com/upmio/compose-operator/api/v1alpha1/zz_generated.deepcopy.go:539.15,541.3 1 0
github.com/upmio/compose-operator/api/v1alpha1/zz_generated.deepcopy.go:542.2,544.12 3 1
github.com/upmio/compose-operator/api/v1alpha1/zz_generated.deepcopy.go:548.79,551.23 3 1
github.com/upmio/compose-operator/api/v1alpha1/zz_generated.deepcopy.go:551.23,555.3 3 1
github.com/upmio/compose-operator/api/v1alpha1/zz_generated.deepcopy.go:556.2,556.23 1 1
github.com/upmio/compose-operator/api/v1alpha1/zz_generated.deepcopy.go:556.23,560.3 3 1
github.com/upmio/compose-operator/api/v1alpha1/zz_generated.deepcopy.go:561.2,561.23 1 1
github.com/upmio/compose-operator/api/v1alpha1/zz_generated.deepcopy.go:561.23,564.22 3 1
github.com/upmio/compose-operator/api/v1alpha1/zz_generated.deepcopy.go:564.22,565.23 1 1
github.com/upmio/compose-operator/api/v1alpha1/zz_generated.deepcopy.go:565.23,569.5 3 1
github.com/upmio/compose-operator/api/v1alpha1/zz_generated.deepcopy.go:575.72,576.15 1 1
github.com/upmio/compose-operator/api/v1alpha1/zz_generated.deepcopy.go:576.15,578.3 1 0
github.com/upmio/compose-operator/api/v1alpha1/zz_generated.deepcopy.go:579.2,581.12 3 1
github.com/upmio/compose-operator/api/v1alpha1/zz_generated.deepcopy.go:585.83,587.24 2 1
github.com/upmio/compose-operator/api/v1alpha1/zz_generated.deepcopy.go:587.24,590.29 3 1
github.com/upmio/compose-operator/api/v1alpha1/zz_generated.deepcopy.go:590.29,592.18 2 1
github.com/upmio/compose-operator/api/v1alpha1/zz_generated.deepcopy.go:592.18,594.5 1 0
github.com/upmio/compose-operator/api/v1alpha1/zz_generated.deepcopy.go:594.10,599.5 4 1
github.com/upmio/compose-operator/api/v1alpha1/zz_generated.deepcopy.go:600.4,600.24 1 1
github.com/upmio/compose-operator/api/v1alpha1/zz_generated.deepcopy.go:603.2,603.26 1 1
github.com/upmio/compose-operator/api/v1alpha1/zz_generated.deepcopy.go:603.26,606.22 3 1
github.com/upmio/compose-operator/api/v1alpha1/zz_generated.deepcopy.go:606.22,608.4 1 1
github.com/upmio/compose-operator/api/v1alpha1/zz_generated.deepcopy.go:613.76,614.15 1 1
github.com/upmio/compose-operator/api/v1alpha1/zz_generated.deepcopy.go:614.15,616.3 1 0
github.com/upmio/compose-operator/api/v1alpha1/zz_generated.deepcopy.go:617.2,619.12 3 1
github.com/upmio/compose-operator/api/v1alpha1/zz_generated.deepcopy.go:623.86,624.2 1 1
github.com/upmio/compose-operator/api/v1alpha1/zz_generated.deepcopy.go:624.2,627.29 3 1
github.com/upmio/compose-operator/api/v1alpha1/zz_generated.deepcopy.go:627.29,629.18 2 1
github.com/upmio/compose-operator/api/v1alpha1/zz_generated.deepcopy.go:629.18,631.5 1 0
github.com/upmio/compose-operator/api/v1alpha1/zz_generated.deepcopy.go:631.10,636.5 4 1
github.com/upmio/compose-operator/api/v1alpha1/zz_generated.deepcopy.go:637.4,637.24 1 1
github.com/upmio/compose-operator/api/v1alpha1/zz_generated.deepcopy.go:643.78,644.15 1 1
github.com/upmio/compose-operator/api/v1alpha1/zz_generated.deepcopy.go:644.15,646.3 1 0
github.com/upmio/compose-operator/api/v1alpha1/zz_generated.deepcopy.go:647.2,649.13 3 1
github.com/upmio/compose-operator/api/v1alpha1/zz_generated.deepcopy.go:653.57,659.2 5 1
github.com/upmio/compose-operator/api/v1alpha1/zz_generated.deepcopy.go:662.50,663.15 1 1
github.com/upmio/compose-operator/api/v1alpha1/zz_generated.deepcopy.go:663.15,665.3 1 0
github.com/upmio/compose-operator/api/v1alpha1/zz_generated.deepcopy.go:666.2,668.12 3 1
github.com/upmio/compose-operator/api/v1alpha1/zz_generated.deepcopy.go:672.57,673.34 1 1
github.com/upmio/compose-operator/api/v1alpha1/zz_generated.deepcopy.go:673.34,675.3 1 1
github.com/upmio/compose-operator/api/v1alpha1/zz_generated.deepcopy.go:676.2,676.12 1 0
github.com/upmio/compose-operator/api/v1alpha1/zz_generated.deepcopy.go:680.65,684.21 4 1
github.com/upmio/compose-operator/api/v1alpha1/zz_generated.deepcopy.go:684.21,687.22 3 1
github.com/upmio/compose-operator/api/v1alpha1/zz_generated.deepcopy.go:687.22,689.4 1 1
github.com/upmio/compose-operator/api/v1alpha1/zz_generated.deepcopy.go:694.58,695.15 1 1
github.com/upmio/compose-operator/api/v1alpha1/zz_generated.deepcopy.go:695.15,697.3 1 0
github.com/upmio/compose-operator/api/v1alpha1/zz_generated.deepcopy.go:698.2,700.12 3 1
github.com/upmio/compose-operator/api/v1alpha1/zz_generated.deepcopy.go:704.61,705.34 1 1
github.com/upmio/compose-operator/api/v1alpha1/zz_generated.deepcopy.go:705.34,707.3 1 1
github.com/upmio/compose-operator/api/v1alpha1/zz_generated.deepcopy.go:708.2,708.12 1 0
github.com/upmio/compose-operator/api/v1alpha1/zz_generated.deepcopy.go:712.65,714.21 2 1
github.com/upmio/compose-operator/api/v1alpha1/zz_generated.deepcopy.go:714.21,718.3 3 1
github.com/upmio/compose-operator/api/v1alpha1/zz_generated.deepcopy.go:722.58,723.15 1 1
github.com/upmio/compose-operator/api/v1alpha1/zz_generated.deepcopy.go:723.15,725.3 1 0
github.com/upmio/compose-operator/api/v1alpha1/zz_generated.deepcopy.go:726.2,728.12 3 1
github.com/upmio/compose-operator/api/v1alpha1/zz_generated.deepcopy.go:732.69,734.2 1 1
github.com/upmio/compose-operator/api/v1alpha1/zz_generated.deepcopy.go:737.62,738.15 1 1
github.com/upmio/compose-operator/api/v1alpha1/zz_generated.deepcopy.go:738.15,740.3 1 0
github.com/upmio/compose-operator/api/v1alpha1/zz_generated.deepcopy.go:741.2,743.12 3 1
github.com/upmio/compose-operator/api/v1alpha1/zz_generated.deepcopy.go:747.65,749.24 2 1
github.com/upmio/compose-operator/api/v1alpha1/zz_generated.deepcopy.go:749.24,752.22 3 1
github.com/upmio/compose-operator/api/v1alpha1/zz_generated.deepcopy.go:752.22,753.23 1 1
github.com/upmio/compose-operator/api/v1alpha1/zz_generated.deepcopy.go:753.23,757.5 3 1
github.com/upmio/compose-operator/api/v1alpha1/zz_generated.deepcopy.go:760.2,761.20 2 1
github.com/upmio/compose-operator/api/v1alpha1/zz_generated.deepcopy.go:761.20,765.3 3 1
github.com/upmio/compose-operator/api/v1alpha1/zz_generated.deepcopy.go:769.58,770.15 1 1
github.com/upmio/compose-operator/api/v1alpha1/zz_generated.deepcopy.go:770.15,772.3 1 0
github.com/upmio/compose-operator/api/v1alpha1/zz_generated.deepcopy.go:773.2,775.12 3 1
github.com/upmio/compose-operator/api/v1alpha1/zz_generated.deepcopy.go:779.69,781.24 2 1
github.com/upmio/compose-operator/api/v1alpha1/zz_generated.deepcopy.go:781.24,784.29 3 1
github.com/upmio/compose-operator/api/v1alpha1/zz_generated.deepcopy.go:784.29,786.18 2 1
github.com/upmio/compose-operator/api/v1alpha1/zz_generated.deepcopy.go:786.18,788.5 1 0
github.com/upmio/compose-operator/api/v1alpha1/zz_generated.deepcopy.go:788.10,793.5 4 1
github.com/upmio/compose-operator/api/v1alpha1/zz_generated.deepcopy.go:794.4,794.24 1 1
github.com/upmio/compose-operator/api/v1alpha1/zz_generated.deepcopy.go:797.2,797.26 1 1
github.com/upmio/compose-operator/api/v1alpha1/zz_generated.deepcopy.go:797.26,800.22 3 1
github.com/upmio/compose-operator/api/v1alpha1/zz_generated.deepcopy.go:800.22,802.4 1 1
github.com/upmio/compose-operator/api/v1alpha1/zz_generated.deepcopy.go:807.62,808.15 1 1
github.com/upmio/compose-operator/api/v1alpha1/zz_generated.deepcopy.go:808.15,810.3 1 0
github.com/upmio/compose-operator/api/v1alpha1/zz_generated.deepcopy.go:811.2,813.12 3 1
github.com/upmio/compose-operator/api/v1alpha1/zz_generated.deepcopy.go:817.72,818.2 1 1
github.com/upmio/compose-operator/api/v1alpha1/zz_generated.deepcopy.go:818.2,821.29 3 1
github.com/upmio/compose-operator/api/v1alpha1/zz_generated.deepcopy.go:821.29,823.18 2 1
github.com/upmio/compose-operator/api/v1alpha1/zz_generated.deepcopy.go:823.18,825.5 1 0
github.com/upmio/compose-operator/api/v1alpha1/zz_generated.deepcopy.go:825.10,830.5 4 1
github.com/upmio/compose-operator/api/v1alpha1/zz_generated.deepcopy.go:831.4,831.24 1 1
github.com/upmio/compose-operator/api/v1alpha1/zz_generated.deepcopy.go:837.64,838.15 1 1
github.com/upmio/compose-operator/api/v1alpha1/zz_generated.deepcopy.go:838.15,840.3 1 0
github.com/upmio/compose-operator/api/v1alpha1/zz_generated.deepcopy.go:841.2,843.13 3 1
github.com/upmio/compose-operator/api/v1alpha1/zz_generated.deepcopy.go:847.57,853.2 5 1
github.com/upmio/compose-operator/api/v1alpha1/zz_generated.deepcopy.go:856.50,857.15 1 1
github.com/upmio/compose-operator/api/v1alpha1/zz_generated.deepcopy.go:857.15,859.3 1 0
github.com/upmio/compose-operator/api/v1alpha1/zz_generated.deepcopy.go:860.2,862.12 3 1
github.com/upmio/compose-operator/api/v1alpha1/zz_generated.deepcopy.go:866.57,867.34 1 1
github.com/upmio/compose-operator/api/v1alpha1/zz_generated.deepcopy.go:867.34,869.3 1 1
github.com/upmio/compose-operator/api/v1alpha1/zz_generated.deepcopy.go:870.2,870.12 1 0
github.com/upmio/compose-operator/api/v1alpha1/zz_generated.deepcopy.go:874.65,878.21 4 1
github.com/upmio/compose-operator/api/v1alpha1/zz_generated.deepcopy.go:878.21,881.22 3 1
github.com/upmio/compose-operator/api/v1alpha1/zz_generated.deepcopy.go:881.22,883.4 1 1
github.com/upmio/compose-operator/api/v1alpha1/zz_generated.deepcopy.go:888.58,889.15 1 1
github.com/upmio/compose-operator/api/v1alpha1/zz_generated.deepcopy.go:889.15,891.3 1 0
github.com/upmio/compose-operator/api/v1alpha1/zz_generated.deepcopy.go:892.2,894.12 3 1
github.com/upmio/compose-operator/api/v1alpha1/zz_generated.deepcopy.go:898.61,899.34 1 1
github.com/upmio/compose-operator/api/v1alpha1/zz_generated.deepcopy.go:899.34,901.3 1 1
github.com/upmio/compose-operator/api/v1alpha1/zz_generated.deepcopy.go:902.2,902.12 1 0
github.com/upmio/compose-operator/api/v1alpha1/zz_generated.deepcopy.go:906.65,908.21 2 1
github.com/upmio/compose-operator/api/v1alpha1/zz_generated.deepcopy.go:908.21,912.3 3 1
github.com/upmio/compose-operator/api/v1alpha1/zz_generated.deepcopy.go:916.58,917.15 1 1
github.com/upmio/compose-operator/api/v1alpha1/zz_generated.deepcopy.go:917.15,919.3 1 0
github.com/upmio/compose-operator/api/v1alpha1/zz_generated.deepcopy.go:920.2,922.12 3 1
github.com/upmio/compose-operator/api/v1alpha1/zz_generated.deepcopy.go:926.69,928.2 1 1
github.com/upmio/compose-operator/api/v1alpha1/zz_generated.deepcopy.go:931.62,932.15 1 1
github.com/upmio/compose-operator/api/v1alpha1/zz_generated.deepcopy.go:932.15,934.3 1 0
github.com/upmio/compose-operator/api/v1alpha1/zz_generated.deepcopy.go:935.2,937.12 3 1
github.com/upmio/compose-operator/api/v1alpha1/zz_generated.deepcopy.go:941.65,944.23 3 1
github.com/upmio/compose-operator/api/v1alpha1/zz_generated.deepcopy.go:944.23,947.29 3 1
github.com/upmio/compose-operator/api/v1alpha1/zz_generated.deepcopy.go:947.29,949.18 2 1
github.com/upmio/compose-operator/api/v1alpha1/zz_generated.deepcopy.go:949.18,951.5 1 0
github.com/upmio/compose-operator/api/v1alpha1/zz_generated.deepcopy.go:951.10,955.24 4 1
github.com/upmio/compose-operator/api/v1alpha1/zz_generated.deepcopy.go:955.24,956.25 1 1
github.com/upmio/compose-operator/api/v1alpha1/zz_generated.deepcopy.go:956.25,960.7 3 1
github.com/upmio/compose-operator/api/v1alpha1/zz_generated.deepcopy.go:963.4,963.24 1 1
github.com/upmio/compose-operator/api/v1alpha1/zz_generated.deepcopy.go:969.58,970.15 1 1
github.com/upmio/compose-operator/api/v1alpha1/zz_generated.deepcopy.go:970.15,972.3 1 0
github.com/upmio/compose-operator/api/v1alpha1/zz_generated.deepcopy.go:973.2,975.12 3 1
github.com/upmio/compose-operator/api/v1alpha1/zz_generated.deepcopy.go:979.69,981.24 2 1
github.com/upmio/compose-operator/api/v1alpha1/zz_generated.deepcopy.go:981.24,984.29 3 1
github.com/upmio/compose-operator/api/v1alpha1/zz_generated.deepcopy.go:984.29,986.18 2 1
github.com/upmio/compose-operator/api/v1alpha1/zz_generated.deepcopy.go:986.18,988.5 1 0
github.com/upmio/compose-operator/api/v1alpha1/zz_generated.deepcopy.go:988.10,993.5 4 1
github.com/upmio/compose-operator/api/v1alpha1/zz_generated.deepcopy.go:994.4,994.24 1 1
github.com/upmio/compose-operator/api/v1alpha1/zz_generated.deepcopy.go:997.2,997.26 1 1
github.com/upmio/compose-operator/api/v1alpha1/zz_generated.deepcopy.go:997.26,1000.22 3 1
github.com/upmio/compose-operator/api/v1alpha1/zz_generated.deepcopy.go:1000.22,1002.4 1 1
github.com/upmio/compose-operator/api/v1alpha1/zz_generated.deepcopy.go:1007.62,1008.15 1 1
github.com/upmio/compose-operator/api/v1alpha1/zz_generated.deepcopy.go:1008.15,1010.3 1 0
github.com/upmio/compose-operator/api/v1alpha1/zz_generated.deepcopy.go:1011.2,1013.12 3 1
github.com/upmio/compose-operator/api/v1alpha1/zz_generated.deepcopy.go:1017.72,1018.2 1 1
github.com/upmio/compose-operator/api/v1alpha1/zz_generated.deepcopy.go:1018.2,1021.29 3 1
github.com/upmio/compose-operator/api/v1alpha1/zz_generated.deepcopy.go:1021.29,1023.18 2 1
github.com/upmio/compose-operator/api/v1alpha1/zz_generated.deepcopy.go:1023.18,1025.5 1 0
github.com/upmio/compose-operator/api/v1alpha1/zz_generated.deepcopy.go:1025.10,1030.5 4 1
github.com/upmio/compose-operator/api/v1alpha1/zz_generated.deepcopy.go:1031.4,1031.24 1 1
github.com/upmio/compose-operator/api/v1alpha1/zz_generated.deepcopy.go:1037.64,1038.15 1 1
github.com/upmio/compose-operator/api/v1alpha1/zz_generated.deepcopy.go:1038.15,1040.3 1 0
github.com/upmio/compose-operator/api/v1alpha1/zz_generated.deepcopy.go:1041.2,1043.13 3 1
github.com/upmio/compose-operator/api/v1alpha1/zz_generated.deepcopy.go:1047.65,1053.2 5 1
github.com/upmio/compose-operator/api/v1alpha1/zz_generated.deepcopy.go:1056.58,1057.15 1 1
github.com/upmio/compose-operator/api/v1alpha1/zz_generated.deepcopy.go:1057.15,1059.3 1 0
github.com/upmio/compose-operator/api/v1alpha1/zz_generated.deepcopy.go:1060.2,1062.12 3 1
github.com/upmio/compose-operator/api/v1alpha1/zz_generated.deepcopy.go:1066.61,1067.34 1 1
github.com/upmio/compose-operator/api/v1alpha1/zz_generated.deepcopy.go:1067.34,1069.3 1 1
github.com/upmio/compose-operator/api/v1alpha1/zz_generated.deepcopy.go:1070.2,1070.12 1 0
github.com/upmio/compose-operator/api/v1alpha1/zz_generated.deepcopy.go:1074.73,1078.21 4 1
github.com/upmio/compose-operator/api/v1alpha1/zz_generated.deepcopy.go:1078.21,1081.22 3 1
github.com/upmio/compose-operator/api/v1alpha1/zz_generated.deepcopy.go:1081.22,1083.4 1 1
github.com/upmio/compose-operator/api/v1alpha1/zz_generated.deepcopy.go:1088.66,1089.15 1 1
github.com/upmio/compose-operator/api/v1alpha1/zz_generated.deepcopy.go:1089.15,1091.3 1 0
github.com/upmio/compose-operator/api/v1alpha1/zz_generated.deepcopy.go:1092.2,1094.12 3 1
github.com/upmio/compose-operator/api/v1alpha1/zz_generated.deepcopy.go:1098.65,1099.34 1 1
github.com/upmio/compose-operator/api/v1alpha1/zz_generated.deepcopy.go:1099.34,1101.3 1 1
github.com/upmio/compose-operator/api/v1alpha1/zz_generated.deepcopy.go:1102.2,1102.12 1 0
github.com/upmio/compose-operator/api/v1alpha1/zz_generated.deepcopy.go:1106.73,1108.2 1 1
github.com/upmio/compose-operator/api/v1alpha1/zz_generated.deepcopy.go:1111.66,1112.15 1 1
github.com/upmio/compose-operator/api/v1alpha1/zz_generated.deepcopy.go:1112.15,1114.3 1 0
github.com/upmio/compose-operator/api/v1alpha1/zz_generated.deepcopy.go:1115.2,1117.12 3 1
github.com/upmio/compose-operator/api/v1alpha1/zz_generated.deepcopy.go:1121.77,1123.2 1 1
github.com/upmio/compose-operator/api/v1alpha1/zz_generated.deepcopy.go:1126.70,1127.15 1 1
github.com/upmio/compose-operator/api/v1alpha1/zz_generated.deepcopy.go:1127.15,1129.3 1 0
github.com/upmio/compose-operator/api/v1alpha1/zz_generated.deepcopy.go:1130.2,1132.12 3 1
github.com/upmio/compose-operator/api/v1alpha1/zz_generated.deepcopy.go:1136.73,1139.22 3 1
github.com/upmio/compose-operator/api/v1alpha1/zz_generated.deepcopy.go:1139.22,1143.3 3 1
github.com/upmio/compose-operator/api/v1alpha1/zz_generated.deepcopy.go:1144.2,1144.23 1 1
github.com/upmio/compose-operator/api/v1alpha1/zz_generated.deepcopy.go:1144.23,1147.22 3 1
github.com/upmio/compose-operator/api/v1alpha1/zz_generated.deepcopy.go:1147.22,1148.23 1 1
github.com/upmio/compose-operator/api/v1alpha1/zz_generated.deepcopy.go:1148.23,1152.5 3 1
github.com/upmio/compose-operator/api/v1alpha1/zz_generated.deepcopy.go:1155.2,1155.23 1 1
github.com/upmio/compose-operator/api/v1alpha1/zz_generated.deepcopy.go:1155.23,1159.3 3 1
github.com/upmio/compose-operator/api/v1alpha1/zz_generated.deepcopy.go:1163.66,1164.15 1 1
github.com/upmio/compose-operator/api/v1alpha1/zz_generated.deepcopy.go:1164.15,1166.3 1 0
github.com/upmio/compose-operator/api/v1alpha1/zz_generated.deepcopy.go:1167.2,1169.12 3 1
github.com/upmio/compose-operator/api/v1alpha1/zz_generated.deepcopy.go:1173.77,1175.24 2 1
github.com/upmio/compose-operator/api/v1alpha1/zz_generated.deepcopy.go:1175.24,1178.29 3 1
github.com/upmio/compose-operator/api/v1alpha1/zz_generated.deepcopy.go:1178.29,1180.18 2 1
github.com/upmio/compose-operator/api/v1alpha1/zz_generated.deepcopy.go:1180.18,1182.5 1 0
github.com/upmio/compose-operator/api/v1alpha1/zz_generated.deepcopy.go:1182.10,1187.5 4 1
github.com/upmio/compose-operator/api/v1alpha1/zz_generated.deepcopy.go:1188.4,1188.24 1 1
github.com/upmio/compose-operator/api/v1alpha1/zz_generated.deepcopy.go:1191.2,1191.26 1 1
github.com/upmio/compose-operator/api/v1alpha1/zz_generated.deepcopy.go:1191.26,1194.22 3 1
github.com/upmio/compose-operator/api/v1alpha1/zz_generated.deepcopy.go:1194.22,1196.4 1 1
github.com/upmio/compose-operator/api/v1alpha1/zz_generated.deepcopy.go:1201.70,1202.15 1 1
github.com/upmio/compose-operator/api/v1alpha1/zz_generated.deepcopy.go:1202.15,1204.3 1 0
github.com/upmio/compose-operator/api/v1alpha1/zz_generated.deepcopy.go:1205.2,1207.12 3 1
github.com/upmio/compose-operator/api/v1alpha1/zz_generated.deepcopy.go:1211.80,1212.2 1 1
github.com/upmio/compose-operator/api/v1alpha1/zz_generated.deepcopy.go:1212.2,1215.29 3 1
github.com/upmio/compose-operator/api/v1alpha1/zz_generated.deepcopy.go:1215.29,1217.18 2 1
github.com/upmio/compose-operator/api/v1alpha1/zz_generated.deepcopy.go:1217.18,1219.5 1 0
github.com/upmio/compose-operator/api/v1alpha1/zz_generated.deepcopy.go:1219.10,1224.5 4 1
github.com/upmio/compose-operator/api/v1alpha1/zz_generated.deepcopy.go:1225.4,1225.24 1 1
github.com/upmio/compose-operator/api/v1alpha1/zz_generated.deepcopy.go:1231.72,1232.15 1 1
github.com/upmio/compose-operator/api/v1alpha1/zz_generated.deepcopy.go:1232.15,1234.3 1 0
github.com/upmio/compose-operator/api/v1alpha1/zz_generated.deepcopy.go:1235.2,1237.13 3 1
github.com/upmio/compose-operator/api/v1alpha1/zz_generated.deepcopy.go:1241.55,1244.2 2 0
github.com/upmio/compose-operator/api/v1alpha1/zz_generated.deepcopy.go:1247.48,1248.15 1 0
github.com/upmio/compose-operator/api/v1alpha1/zz_generated.deepcopy.go:1248.15,1250.3 1 0
github.com/upmio/compose-operator/api/v1alpha1/zz_generated.deepcopy.go:1251.2,1253.12 3 0
github.com/upmio/compose-operator/api/v1alpha1/zz_generated.deepcopy.go:1257.56,1258.2 1 0
github.com/upmio/compose-operator/api/v1alpha1/zz_generated.deepcopy.go:1258.2,1261.22 3 0
github.com/upmio/compose-operator/api/v1alpha1/zz_generated.deepcopy.go:1261.22,1262.23 1 0
github.com/upmio/compose-operator/api/v1alpha1/zz_generated.deepcopy.go:1262.23,1266.5 3 0
github.com/upmio/compose-operator/api/v1alpha1/zz_generated.deepcopy.go:1272.48,1273.15 1 0
github.com/upmio/compose-operator/api/v1alpha1/zz_generated.deepcopy.go:1273.15,1275.3 1 0
github.com/upmio/compose-operator/api/v1alpha1/zz_generated.deepcopy.go:1276.2,1278.13 3 0
github.com/upmio/compose-operator/api/v1alpha1/zz_generated.deepcopy.go:1282.41,1284.22 2 1
github.com/upmio/compose-operator/api/v1alpha1/zz_generated.deepcopy.go:1284.22,1288.3 3 1
github.com/upmio/compose-operator/api/v1alpha1/zz_generated.deepcopy.go:1292.34,1293.15 1 1
github.com/upmio/compose-operator/api/v1alpha1/zz_generated.deepcopy.go:1293.15,1295.3 1 0
github.com/upmio/compose-operator/api/v1alpha1/zz_generated.deepcopy.go:1296.2,1298.12 3 1
github.com/upmio/compose-operator/api/v1alpha1/zz_generated.deepcopy.go:1302.47,1304.2 1 1
github.com/upmio/compose-operator/api/v1alpha1/zz_generated.deepcopy.go:1307.40,1308.15 1 1
github.com/upmio/compose-operator/api/v1alpha1/zz_generated.deepcopy.go:1308.15,1310.3 1 0
github.com/upmio/compose-operator/api/v1alpha1/zz_generated.deepcopy.go:1311.2,1313.12 3 1
github.com/upmio/compose-operator/pkg/k8sutil/exec.go:49.97,55.2 1 0
github.com/upmio/compose-operator/pkg/k8sutil/exec.go:73.123,75.18 2 0
github.com/upmio/compose-operator/pkg/k8sutil/exec.go:75.18,77.3 1 0
github.com/upmio/compose-operator/pkg/k8sutil/exec.go:78.2,78.28 1 0
github.com/upmio/compose-operator/pkg/k8sutil/exec.go:83.140,95.2 1 0
github.com/upmio/compose-operator/pkg/k8sutil/exec.go:100.83,122.32 6 0
github.com/upmio/compose-operator/pkg/k8sutil/exec.go:122.32,124.3 1 0
github.com/upmio/compose-operator/pkg/k8sutil/exec.go:125.2,125.84 1 0
github.com/upmio/compose-operator/pkg/k8sutil/exec.go:128.123,130.16 2 0
github.com/upmio/compose-operator/pkg/k8sutil/exec.go:130.16,132.3 1 0
github.com/upmio/compose-operator/pkg/k8sutil/exec.go:133.2,138.4 1 0
github.com/upmio/compose-operator/pkg/k8sutil/pod.go:48.57,50.2 1 0
github.com/upmio/compose-operator/pkg/k8sutil/pod.go:53.58,55.2 1 0
github.com/upmio/compose-operator/pkg/k8sutil/pod.go:58.58,60.2 1 0
github.com/upmio/compose-operator/pkg/k8sutil/pod.go:63.58,65.2 1 0
github.com/upmio/compose-operator/pkg/k8sutil/pod.go:68.71,70.16 2 0
github.com/upmio/compose-operator/pkg/k8sutil/pod.go:70.16,72.3 1 0
github.com/upmio/compose-operator/pkg/k8sutil/pod.go:73.2,73.45 1 0
github.com/upmio/compose-operator/pkg/k8sutil/pod.go:77.77,84.2 3 0
github.com/upmio/compose-operator/pkg/k8sutil/pod.go:90.39,92.2 1 0
github.com/upmio/compose-operator/pkg/k8sutil/pod.go:95.60,98.2 2 0
github.com/upmio/compose-operator/pkg/k8sutil/pod.go:102.73,105.2 2 0
github.com/upmio/compose-operator/pkg/k8sutil/pod.go:109.115,110.19 1 0
github.com/upmio/compose-operator/pkg/k8sutil/pod.go:110.19,112.3 1 0
github.com/upmio/compose-operator/pkg/k8sutil/pod.go:113.2,113.66 1 0
github.com/upmio/compose-operator/pkg/k8sutil/pod.go:118.131,119.23 1 0
github.com/upmio/compose-operator/pkg/k8sutil/pod.go:119.23,121.3 1 0
github.com/upmio/compose-operator/pkg/k8sutil/pod.go:122.2,122.28 1 0
github.com/upmio/compose-operator/pkg/k8sutil/pod.go:122.28,123.42 1 0
github.com/upmio/compose-operator/pkg/k8sutil/pod.go:123.42,125.4 1 0
github.com/upmio/compose-operator/pkg/k8sutil/pod.go:127.2,127.16 1 0
github.com/upmio/compose-operator/pkg/k8sutil/unit.go:46.64,48.16 2 0
github.com/upmio/compose-operator/pkg/k8sutil/unit.go:48.16,50.3 1 0
github.com/upmio/compose-operator/pkg/k8sutil/unit.go:52.2,53.16 2 0
github.com/upmio/compose-operator/pkg/k8sutil/unit.go:53.16,55.3 1 0
github.com/upmio/compose-operator/pkg/k8sutil/unit.go:56.2,56.40 1 0
github.com/upmio/compose-operator/pkg/k8sutil/unit.go:60.68,62.2 1 0
github.com/upmio/compose-operator/pkg/k8sutil/unit.go:65.86,72.2 3 0
github.com/upmio/compose-operator/pkg/proxysqlutil/admin.go:71.88,80.2 3 0
github.com/upmio/compose-operator/pkg/proxysqlutil/admin.go:83.59,85.2 1 0
github.com/upmio/compose-operator/pkg/proxysqlutil/admin.go:88.25,90.2 1 0
github.com/upmio/compose-operator/pkg/proxysqlutil/admin.go:92.97,94.16 2 0
github.com/upmio/compose-operator/pkg/proxysqlutil/admin.go:94.16,96.3 1 0
github.com/upmio/compose-operator/pkg/proxysqlutil/admin.go:98.2,100.66 2 0
github.com/upmio/compose-operator/pkg/proxysqlutil/admin.go:100.66,102.3 1 0
github.com/upmio/compose-operator/pkg/proxysqlutil/admin.go:102.8,105.19 2 0
github.com/upmio/compose-operator/pkg/proxysqlutil/admin.go:105.19,107.52 2 0
github.com/upmio/compose-operator/pkg/proxysqlutil/admin.go:107.52,109.5 1 0
github.com/upmio/compose-operator/pkg/proxysqlutil/admin.go:111.4,112.74 2 0
github.com/upmio/compose-operator/pkg/proxysqlutil/admin.go:112.74,114.5 1 0
github.com/upmio/compose-operator/pkg/proxysqlutil/admin.go:116.4,116.31 1 0
github.com/upmio/compose-operator/pkg/proxysqlutil/admin.go:120.2,120.19 1 0
github.com/upmio/compose-operator/pkg/proxysqlutil/admin.go:123.153,125.16 2 0
github.com/upmio/compose-operator/pkg/proxysqlutil/admin.go:125.16,127.3 1 0
github.com/upmio/compose-operator/pkg/proxysqlutil/admin.go:129.2,130.45 2 0
github.com/upmio/compose-operator/pkg/proxysqlutil/admin.go:130.45,131.45 1 0
github.com/upmio/compose-operator/pkg/proxysqlutil/admin.go:131.45,134.50 2 0
github.com/upmio/compose-operator/pkg/proxysqlutil/admin.go:134.50,136.5 1 0
github.com/upmio/compose-operator/pkg/proxysqlutil/admin.go:138.9,138.46 1 0
github.com/upmio/compose-operator/pkg/proxysqlutil/admin.go:138.46,141.50 2 0
github.com/upmio/compose-operator/pkg/proxysqlutil/admin.go:141.50,143.5 1 0
github.com/upmio/compose-operator/pkg/proxysqlutil/admin.go:146.4,147.50 2 0
github.com/upmio/compose-operator/pkg/proxysqlutil/admin.go:147.50,149.5 1 0
github.com/upmio/compose-operator/pkg/proxysqlutil/admin.go:152.3,152.31 1 0
github.com/upmio/compose-operator/pkg/proxysqlutil/admin.go:155.2,155.34 1 0
github.com/upmio/compose-operator/pkg/proxysqlutil/admin.go:155.34,158.49 2 0
github.com/upmio/compose-operator/pkg/proxysqlutil/admin.go:158.49,160.4 1 0
github.com/upmio/compose-operator/pkg/proxysqlutil/admin.go:164.2,164.52 1 0
github.com/upmio/compose-operator/pkg/proxysqlutil/admin.go:164.52,166.3 1 0
github.com/upmio/compose-operator/pkg/proxysqlutil/admin.go:168.2,168.52 1 0
github.com/upmio/compose-operator/pkg/proxysqlutil/admin.go:168.52,170.3 1 0
github.com/upmio/compose-operator/pkg/proxysqlutil/admin.go:172.2,172.12 1 0
github.com/upmio/compose-operator/pkg/proxysqlutil/admin.go:175.141,177.16 2 0
github.com/upmio/compose-operator/pkg/proxysqlutil/admin.go:177.16,179.3 1 0
github.com/upmio/compose-operator/pkg/proxysqlutil/admin.go:181.2,187.88 2 0
github.com/upmio/compose-operator/pkg/proxysqlutil/admin.go:187.88,189.3 1 0
github.com/upmio/compose-operator/pkg/proxysqlutil/admin.go:189.8,189.23 1 0
github.com/upmio/compose-operator/pkg/proxysqlutil/admin.go:189.23,191.3 1 0
github.com/upmio/compose-operator/pkg/proxysqlutil/admin.go:193.2,194.107 2 0
github.com/upmio/compose-operator/pkg/proxysqlutil/admin.go:194.107,196.3 1 0
github.com/upmio/compose-operator/pkg/proxysqlutil/admin.go:198.2,199.99 2 0
github.com/upmio/compose-operator/pkg/proxysqlutil/admin.go:199.99,201.3 1 0
github.com/upmio/compose-operator/pkg/proxysqlutil/admin.go:203.2,204.97 2 0
github.com/upmio/compose-operator/pkg/proxysqlutil/admin.go:204.97,206.3 1 0
github.com/upmio/compose-operator/pkg/proxysqlutil/admin.go:208.2,208.16 1 0
github.com/upmio/compose-operator/pkg/proxysqlutil/admin.go:211.102,213.16 2 0
github.com/upmio/compose-operator/pkg/proxysqlutil/admin.go:213.16,215.3 1 0
github.com/upmio/compose-operator/pkg/proxysqlutil/admin.go:217.2,219.62 2 0
github.com/upmio/compose-operator/pkg/proxysqlutil/admin.go:219.62,222.3 1 0
github.com/upmio/compose-operator/pkg/proxysqlutil/admin.go:222.8,225.19 2 0
github.com/upmio/compose-operator/pkg/proxysqlutil/admin.go:225.19,227.113 2 0
github.com/upmio/compose-operator/pkg/proxysqlutil/admin.go:227.113,229.5 1 0
github.com/upmio/compose-operator/pkg/proxysqlutil/admin.go:231.4,231.72 1 0
github.com/upmio/compose-operator/pkg/proxysqlutil/admin.go:235.2,235.21 1 0
github.com/upmio/compose-operator/pkg/proxysqlutil/admin.go:238.120,240.16 2 0
github.com/upmio/compose-operator/pkg/proxysqlutil/admin.go:240.16,242.3 1 0
github.com/upmio/compose-operator/pkg/proxysqlutil/admin.go:245.2,245.69 1 0
github.com/upmio/compose-operator/pkg/proxysqlutil/admin.go:245.69,247.3 1 0
github.com/upmio/compose-operator/pkg/proxysqlutil/admin.go:250.2,251.48 2 0
github.com/upmio/compose-operator/pkg/proxysqlutil/admin.go:251.48,253.3 1 0
github.com/upmio/compose-operator/pkg/proxysqlutil/admin.go:255.2,255.54 1 0
github.com/upmio/compose-operator/pkg/proxysqlutil/admin.go:255.54,257.3 1 0
github.com/upmio/compose-operator/pkg/proxysqlutil/admin.go:259.2,259.54 1 0
github.com/upmio/compose-operator/pkg/proxysqlutil/admin.go:259.54,261.3 1 0
github.com/upmio/compose-operator/pkg/proxysqlutil/admin.go:263.2,263.12 1 0
github.com/upmio/compose-operator/pkg/proxysqlutil/admin.go:266.124,268.16 2 0
github.com/upmio/compose-operator/pkg/proxysqlutil/admin.go:268.16,270.3 1 0
github.com/upmio/compose-operator/pkg/proxysqlutil/admin.go:272.2,273.51 2 0
github.com/upmio/compose-operator/pkg/proxysqlutil/admin.go:273.51,274.51 1 0
github.com/upmio/compose-operator/pkg/proxysqlutil/admin.go:274.51,277.50 2 0
github.com/upmio/compose-operator/pkg/proxysqlutil/admin.go:277.50,279.5 1 0
github.com/upmio/compose-operator/pkg/proxysqlutil/admin.go:281.9,281.50 1 0
github.com/upmio/compose-operator/pkg/proxysqlutil/admin.go:281.50,284.50 2 0
github.com/upmio/compose-operator/pkg/proxysqlutil/admin.go:284.50,286.5 1 0
github.com/upmio/compose-operator/pkg/proxysqlutil/admin.go:289.4,290.50 2 0
github.com/upmio/compose-operator/pkg/proxysqlutil/admin.go:290.50,292.5 1 0
github.com/upmio/compose-operator/pkg/proxysqlutil/admin.go:295.3,295.35 1 0
github.com/upmio/compose-operator/pkg/proxysqlutil/admin.go:298.2,298.38 1 0
github.com/upmio/compose-operator/pkg/proxysqlutil/admin.go:298.38,301.49 2 0
github.com/upmio/compose-operator/pkg/proxysqlutil/admin.go:301.49,303.4 1 0
github.com/upmio/compose-operator/pkg/proxysqlutil/admin.go:306.2,306.54 1 0
github.com/upmio/compose-operator/pkg/proxysqlutil/admin.go:306.54,308.3 1 0
github.com/upmio/compose-operator/pkg/proxysqlutil/admin.go:310.2,310.54 1 0
github.com/upmio/compose-operator/pkg/proxysqlutil/admin.go:310.54,312.3 1 0
github.com/upmio/compose-operator/pkg/proxysqlutil/admin.go:314.2,314.12 1 0
github.com/upmio/compose-operator/pkg/proxysqlutil/admin.go:317.83,319.16 2 0
github.com/upmio/compose-operator/pkg/proxysqlutil/admin.go:319.16,321.3 1 0
github.com/upmio/compose-operator/pkg/proxysqlutil/admin.go:323.2,324.67 2 0
github.com/upmio/compose-operator/pkg/proxysqlutil/admin.go:324.67,326.3 1 0
github.com/upmio/compose-operator/pkg/proxysqlutil/admin.go:328.2,328.18 1 0
github.com/upmio/compose-operator/pkg/proxysqlutil/admin.go:328.18,330.3 1 0
github.com/upmio/compose-operator/pkg/proxysqlutil/admin.go:332.2,333.47 2 0
github.com/upmio/compose-operator/pkg/proxysqlutil/admin.go:333.47,335.3 1 0
github.com/upmio/compose-operator/pkg/proxysqlutil/admin.go:337.2,337.12 1 0
github.com/upmio/compose-operator/pkg/postgresutil/admin.go:71.78,80.2 3 0
github.com/upmio/compose-operator/pkg/postgresutil/admin.go:83.49,85.2 1 0
github.com/upmio/compose-operator/pkg/postgresutil/admin.go:88.25,90.2 1 0
github.com/upmio/compose-operator/pkg/postgresutil/admin.go:93.76,96.45 2 0
github.com/upmio/compose-operator/pkg/postgresutil/admin.go:96.45,98.17 2 0
github.com/upmio/compose-operator/pkg/postgresutil/admin.go:98.17,100.12 2 0
github.com/upmio/compose-operator/pkg/postgresutil/admin.go:102.3,102.45 1 0
github.com/upmio/compose-operator/pkg/postgresutil/admin.go:102.45,104.4 1 0
github.com/upmio/compose-operator/pkg/postgresutil/admin.go:104.9,106.4 1 0
github.com/upmio/compose-operator/pkg/postgresutil/admin.go:109.2,109.14 1 0
github.com/upmio/compose-operator/pkg/postgresutil/admin.go:112.75,114.16 2 0
github.com/upmio/compose-operator/pkg/postgresutil/admin.go:114.16,116.3 1 0
github.com/upmio/compose-operator/pkg/postgresutil/admin.go:119.2,120.16 2 0
github.com/upmio/compose-operator/pkg/postgresutil/admin.go:120.16,122.3 1 0
github.com/upmio/compose-operator/pkg/postgresutil/admin.go:124.2,125.16 2 0
github.com/upmio/compose-operator/pkg/postgresutil/admin.go:125.16,127.3 1 0
github.com/upmio/compose-operator/pkg/postgresutil/admin.go:129.2,135.76 5 0
github.com/upmio/compose-operator/pkg/postgresutil/admin.go:135.76,137.3 1 0
github.com/upmio/compose-operator/pkg/postgresutil/admin.go:140.2,140.20 1 0
github.com/upmio/compose-operator/pkg/postgresutil/admin.go:141.15,142.62 1 0
github.com/upmio/compose-operator/pkg/postgresutil/admin.go:142.62,144.4 1 0
github.com/upmio/compose-operator/pkg/postgresutil/admin.go:145.14,146.62 1 0
github.com/upmio/compose-operator/pkg/postgresutil/admin.go:146.62,148.4 1 0
github.com/upmio/compose-operator/pkg/postgresutil/admin.go:149.10,150.79 1 0
github.com/upmio/compose-operator/pkg/postgresutil/admin.go:154.2,154.70 1 0
github.com/upmio/compose-operator/pkg/postgresutil/admin.go:154.70,156.3 1 0
github.com/upmio/compose-operator/pkg/postgresutil/admin.go:158.2,158.18 1 0
github.com/upmio/compose-operator/pkg/postgresutil/admin.go:161.87,163.16 2 0
github.com/upmio/compose-operator/pkg/postgresutil/admin.go:163.16,165.3 1 0
github.com/upmio/compose-operator/pkg/postgresutil/admin.go:167.2,171.16 3 0
github.com/upmio/compose-operator/pkg/postgresutil/admin.go:171.16,173.3 1 0
github.com/upmio/compose-operator/pkg/postgresutil/admin.go:174.2,176.18 2 0
github.com/upmio/compose-operator/pkg/postgresutil/admin.go:176.18,178.42 2 0
github.com/upmio/compose-operator/pkg/postgresutil/admin.go:178.42,180.4 1 0
github.com/upmio/compose-operator/pkg/postgresutil/admin.go:181.3,181.60 1 0
github.com/upmio/compose-operator/pkg/postgresutil/admin.go:183.2,183.35 1 0
github.com/upmio/compose-operator/pkg/postgresutil/admin.go:183.35,185.3 1 0
github.com/upmio/compose-operator/pkg/postgresutil/admin.go:188.2,188.86 1 0
github.com/upmio/compose-operator/pkg/postgresutil/admin.go:188.86,189.36 1 0
github.com/upmio/compose-operator/pkg/postgresutil/admin.go:189.36,192.4 2 0
github.com/upmio/compose-operator/pkg/postgresutil/admin.go:193.3,193.85 1 0
github.com/upmio/compose-operator/pkg/postgresutil/admin.go:195.2,195.12 1 0
github.com/upmio/compose-operator/pkg/postgresutil/admin.go:198.87,200.16 2 0
github.com/upmio/compose-operator/pkg/postgresutil/admin.go:200.16,202.3 1 0
github.com/upmio/compose-operator/pkg/postgresutil/admin.go:204.2,207.65 3 0
github.com/upmio/compose-operator/pkg/postgresutil/admin.go:207.65,209.3 1 0
github.com/upmio/compose-operator/pkg/postgresutil/admin.go:211.2,211.19 1 0
github.com/upmio/compose-operator/pkg/postgresutil/admin.go:211.19,213.3 1 0
github.com/upmio/compose-operator/pkg/postgresutil/admin.go:213.8,215.3 1 0
github.com/upmio/compose-operator/pkg/postgresutil/admin.go:216.2,216.12 1 0
github.com/upmio/compose-operator/pkg/postgresutil/admin.go:219.88,221.16 2 0
github.com/upmio/compose-operator/pkg/postgresutil/admin.go:221.16,223.3 1 0
github.com/upmio/compose-operator/pkg/postgresutil/admin.go:225.2,226.47 2 0
github.com/upmio/compose-operator/pkg/postgresutil/admin.go:226.47,228.3 1 0
github.com/upmio/compose-operator/pkg/postgresutil/admin.go:230.2,230.54 1 0
github.com/upmio/compose-operator/pkg/postgresutil/admin.go:230.54,232.3 1 0
github.com/upmio/compose-operator/pkg/postgresutil/admin.go:234.2,234.12 1 0
github.com/upmio/compose-operator/pkg/postgresutil/admin.go:237.76,239.16 2 0
github.com/upmio/compose-operator/pkg/postgresutil/admin.go:239.16,241.3 1 0
github.com/upmio/compose-operator/pkg/postgresutil/admin.go:243.2,243.52 1 0
github.com/upmio/compose-operator/pkg/postgresutil/admin.go:243.52,245.3 1 0
github.com/upmio/compose-operator/pkg/postgresutil/admin.go:247.2,247.54 1 0
github.com/upmio/compose-operator/pkg/postgresutil/admin.go:247.54,249.3 1 0
github.com/upmio/compose-operator/pkg/postgresutil/admin.go:251.2,251.12 1 0
github.com/upmio/compose-operator/pkg/postgresutil/admin.go:254.141,256.16 2 0
github.com/upmio/compose-operator/pkg/postgresutil/admin.go:256.16,258.3 1 0
github.com/upmio/compose-operator/pkg/postgresutil/admin.go:260.2,261.16 2 0
github.com/upmio/compose-operator/pkg/postgresutil/admin.go:261.16,263.3 1 0
github.com/upmio/compose-operator/pkg/postgresutil/admin.go:265.2,267.70 2 0
github.com/upmio/compose-operator/pkg/postgresutil/admin.go:267.70,269.3 1 0
github.com/upmio/compose-operator/pkg/postgresutil/admin.go:271.2,273.50 2 0
github.com/upmio/compose-operator/pkg/postgresutil/admin.go:273.50,275.3 1 0
github.com/upmio/compose-operator/pkg/postgresutil/admin.go:275.8,275.57 1 0
github.com/upmio/compose-operator/pkg/postgresutil/admin.go:275.57,277.3 1 0
github.com/upmio/compose-operator/pkg/postgresutil/admin.go:277.8,279.3 1 0
github.com/upmio/compose-operator/pkg/postgresutil/admin.go:281.2,281.47 1 0
github.com/upmio/compose-operator/pkg/postgresutil/admin.go:281.47,283.3 1 0
github.com/upmio/compose-operator/pkg/postgresutil/admin.go:285.2,285.54 1 0
github.com/upmio/compose-operator/pkg/postgresutil/admin.go:285.54,287.3 1 0
github.com/upmio/compose-operator/pkg/postgresutil/admin.go:289.2,289.12 1 0
github.com/upmio/compose-operator/pkg/postgresutil/client.go:48.79,53.16 4 0
github.com/upmio/compose-operator/pkg/postgresutil/client.go:53.16,55.3 1 0
github.com/upmio/compose-operator/pkg/postgresutil/client.go:57.2,58.16 2 0
github.com/upmio/compose-operator/pkg/postgresutil/client.go:58.16,60.3 1 0
github.com/upmio/compose-operator/pkg/postgresutil/client.go:62.2,65.16 3 0
github.com/upmio/compose-operator/pkg/postgresutil/client.go:65.16,68.3 1 0
github.com/upmio/compose-operator/pkg/postgresutil/client.go:70.2,71.16 2 0
github.com/upmio/compose-operator/pkg/postgresutil/client.go:71.16,73.3 1 0
github.com/upmio/compose-operator/pkg/postgresutil/client.go:75.2,75.15 1 0
github.com/upmio/compose-operator/pkg/postgresutil/client.go:79.32,81.2 1 0
github.com/upmio/compose-operator/pkg/postgresutil/client.go:83.91,85.2 1 0
github.com/upmio/compose-operator/pkg/postgresutil/client.go:87.91,89.2 1 0
github.com/upmio/compose-operator/pkg/postgresutil/client.go:91.100,93.2 1 0
github.com/upmio/compose-operator/pkg/postgresutil/connections.go:82.100,89.20 2 0
github.com/upmio/compose-operator/pkg/postgresutil/connections.go:89.20,90.37 1 0
github.com/upmio/compose-operator/pkg/postgresutil/connections.go:90.37,92.4 1 0
github.com/upmio/compose-operator/pkg/postgresutil/connections.go:94.3,95.34 2 0
github.com/upmio/compose-operator/pkg/postgresutil/connections.go:97.2,98.12 2 0
github.com/upmio/compose-operator/pkg/postgresutil/connections.go:104.53,105.29 1 0
github.com/upmio/compose-operator/pkg/postgresutil/connections.go:105.29,107.3 1 0
github.com/upmio/compose-operator/pkg/postgresutil/connections.go:112.53,115.2 2 0
github.com/upmio/compose-operator/pkg/postgresutil/connections.go:119.67,121.36 1 0
github.com/upmio/compose-operator/pkg/postgresutil/connections.go:121.36,123.3 1 0
github.com/upmio/compose-operator/pkg/postgresutil/connections.go:125.2,126.28 2 0
github.com/upmio/compose-operator/pkg/postgresutil/connections.go:126.28,128.3 1 0
github.com/upmio/compose-operator/pkg/postgresutil/connections.go:128.8,130.3 1 0
github.com/upmio/compose-operator/pkg/postgresutil/connections.go:131.2,131.15 1 0
github.com/upmio/compose-operator/pkg/postgresutil/connections.go:134.68,137.16 2 0
github.com/upmio/compose-operator/pkg/postgresutil/connections.go:137.16,139.3 1 0
github.com/upmio/compose-operator/pkg/postgresutil/connections.go:141.2,141.15 1 0
github.com/upmio/compose-operator/pkg/postgresutil/connections.go:146.59,150.2 3 0
github.com/upmio/compose-operator/pkg/postgresutil/connections.go:153.50,154.36 1 0
github.com/upmio/compose-operator/pkg/postgresutil/connections.go:154.36,157.3 2 0
github.com/upmio/compose-operator/pkg/postgresutil/connections.go:162.57,165.2 2 0
github.com/upmio/compose-operator/pkg/postgresutil/connections.go:168.38,169.32 1 0
github.com/upmio/compose-operator/pkg/postgresutil/connections.go:169.32,171.3 1 0
github.com/upmio/compose-operator/pkg/postgresutil/connections.go:172.2,172.36 1 0
github.com/upmio/compose-operator/pkg/postgresutil/connections.go:177.64,178.36 1 0
github.com/upmio/compose-operator/pkg/postgresutil/connections.go:178.36,180.3 1 0
github.com/upmio/compose-operator/pkg/postgresutil/connections.go:181.2,182.28 2 0
github.com/upmio/compose-operator/pkg/postgresutil/connections.go:182.28,184.3 1 0
github.com/upmio/compose-operator/pkg/postgresutil/connections.go:185.2,185.15 1 0
github.com/upmio/compose-operator/pkg/postgresutil/connections.go:189.58,191.2 1 0
github.com/upmio/compose-operator/pkg/postgresutil/connections.go:194.77,196.29 2 0
github.com/upmio/compose-operator/pkg/postgresutil/connections.go:196.29,197.42 1 0
github.com/upmio/compose-operator/pkg/postgresutil/connections.go:197.42,199.4 1 0
github.com/upmio/compose-operator/pkg/postgresutil/connections.go:201.2,201.24 1 0
github.com/upmio/compose-operator/pkg/postgresutil/node.go:51.29,56.2 1 0
github.com/upmio/compose-operator/pkg/postgresutil/node.go:59.34,61.2 1 0
github.com/upmio/compose-operator/pkg/postgresutil/node.go:64.66,65.16 1 0
github.com/upmio/compose-operator/pkg/postgresutil/node.go:66.27,67.56 1 0
github.com/upmio/compose-operator/pkg/postgresutil/node.go:68.27,69.56 1 0
github.com/upmio/compose-operator/pkg/postgresutil/node.go:72.2,72.52 1 0
github.com/upmio/compose-operator/pkg/postgresutil/replication.go:25.44,29.2 1 0
github.com/upmio/compose-operator/pkg/testutil/mysql.go:28.106,36.2 1 0
github.com/upmio/compose-operator/pkg/testutil/postgres.go:27.117,33.2 1 0
github.com/upmio/compose-operator/pkg/testutil/redis.go:27.79,34.2 1 0
github.com/upmio/compose-operator/pkg/version/version.go:34.27,37.2 2 0
github.com/upmio/compose-operator/pkg/version/version.go:40.21,42.25 2 0
github.com/upmio/compose-operator/pkg/version/version.go:42.25,44.3 1 0
github.com/upmio/compose-operator/pkg/version/version.go:45.2,45.62 1 0
github.com/upmio/compose-operator/test/utils/utils.go:39.27,41.2 1 0
github.com/upmio/compose-operator/test/utils/utils.go:44.40,49.2 4 0
github.com/upmio/compose-operator/test/utils/utils.go:52.41,56.42 3 0
github.com/upmio/compose-operator/test/utils/utils.go:56.42,58.3 1 0
github.com/upmio/compose-operator/test/utils/utils.go:60.2,64.16 5 0
github.com/upmio/compose-operator/test/utils/utils.go:64.16,66.3 1 0
github.com/upmio/compose-operator/test/utils/utils.go:68.2,68.20 1 0
github.com/upmio/compose-operator/test/utils/utils.go:72.36,75.36 3 0
github.com/upmio/compose-operator/test/utils/utils.go:75.36,77.3 1 0
github.com/upmio/compose-operator/test/utils/utils.go:81.29,84.36 3 0
github.com/upmio/compose-operator/test/utils/utils.go:84.36,86.3 1 0
github.com/upmio/compose-operator/test/utils/utils.go:90.33,93.36 3 0
github.com/upmio/compose-operator/test/utils/utils.go:93.36,95.3 1 0
github.com/upmio/compose-operator/test/utils/utils.go:98.2,105.12 3 0
github.com/upmio/compose-operator/test/utils/utils.go:109.56,111.47 2 0
github.com/upmio/compose-operator/test/utils/utils.go:111.47,113.3 1 0
github.com/upmio/compose-operator/test/utils/utils.go:114.2,117.12 4 0
github.com/upmio/compose-operator/test/utils/utils.go:122.47,125.35 3 0
github.com/upmio/compose-operator/test/utils/utils.go:125.35,126.20 1 0
github.com/upmio/compose-operator/test/utils/utils.go:126.20,128.4 1 0
github.com/upmio/compose-operator/test/utils/utils.go:131.2,131.12 1 0
github.com/upmio/compose-operator/test/utils/utils.go:135.38,137.16 2 0
github.com/upmio/compose-operator/test/utils/utils.go:137.16,139.3 1 0
github.com/upmio/compose-operator/test/utils/utils.go:140.2,141.16 2 0
github.com/upmio/compose-operator/tool/main.go:7.13,9.2 1 0
github.com/upmio/compose-operator/tool/cmd/root.go:15.54,18.3 1 0
github.com/upmio/compose-operator/tool/cmd/root.go:23.16,24.42 1 0
github.com/upmio/compose-operator/tool/cmd/root.go:24.42,27.3 1 0
github.com/upmio/compose-operator/tool/cmd/root.go:34.13,44.2 7 0
github.com/upmio/compose-operator/tool/cmd/root.go:49.54,52.16 1 0
github.com/upmio/compose-operator/tool/cmd/root.go:52.16,54.4 1 0
github.com/upmio/compose-operator/tool/cmd/root.go:56.3,56.21 1 0
github.com/upmio/compose-operator/tool/cmd/root.go:56.21,58.4 1 0
github.com/upmio/compose-operator/tool/cmd/root.go:61.3,62.17 2 0
github.com/upmio/compose-operator/tool/cmd/root.go:62.17,64.4 1 0
github.com/upmio/compose-operator/tool/cmd/root.go:66.3,66.54 1 0
github.com/upmio/compose-operator/tool/cmd/root.go:66.54,68.4 1 0
github.com/upmio/compose-operator/tool/cmd/root.go:70.3,71.17 2 0
github.com/upmio/compose-operator/tool/cmd/root.go:71.17,73.4 1 0
github.com/upmio/compose-operator/tool/cmd/root.go:75.3,76.17 2 0
github.com/upmio/compose-operator/tool/cmd/root.go:76.17,78.4 1 0
github.com/upmio/compose-operator/tool/cmd/root.go:80.3,83.13 3 0
github.com/upmio/compose-operator/tool/cmd/root.go:90.54,93.16 1 0
github.com/upmio/compose-operator/tool/cmd/root.go:93.16,95.4 1 0
github.com/upmio/compose-operator/tool/cmd/root.go:97.3,97.21 1 0
github.com/upmio/compose-operator/tool/cmd/root.go:97.21,99.4 1 0
github.com/upmio/compose-operator/tool/cmd/root.go:102.3,103.17 2 0
github.com/upmio/compose-operator/tool/cmd/root.go:103.17,105.4 1 0
github.com/upmio/compose-operator/tool/cmd/root.go:107.3,107.54 1 0
github.com/upmio/compose-operator/tool/cmd/root.go:107.54,109.4 1 0
github.com/upmio/compose-operator/tool/cmd/root.go:111.3,112.17 2 0
github.com/upmio/compose-operator/tool/cmd/root.go:112.17,114.4 1 0
github.com/upmio/compose-operator/tool/cmd/root.go:116.3,118.17 3 0
github.com/upmio/compose-operator/tool/cmd/root.go:118.17,120.4 1 0
github.com/upmio/compose-operator/tool/cmd/root.go:122.3,125.13 3 0
github.com/upmio/compose-operator/webhook/setup.go:34.36,42.4 1 0
github.com/upmio/compose-operator/webhook/setup.go:42.4,43.36 1 0
github.com/upmio/compose-operator/webhook/setup.go:43.36,45.4 1 0
github.com/upmio/compose-operator/webhook/setup.go:47.2,47.12 1 0
github.com/upmio/compose-operator/webhook/mysqlgroupreplication/mysqlgroupreplication_webhook.go:42.36,48.2 1 0
github.com/upmio/compose-operator/webhook/mysqlgroupreplication/mysqlgroupreplication_webhook.go:55.97,60.38 3 0
github.com/upmio/compose-operator/webhook/mysqlgroupreplication/mysqlgroupreplication_webhook.go:60.38,62.3 1 0
github.com/upmio/compose-operator/webhook/mysqlgroupreplication/mysqlgroupreplication_webhook.go:63.2,63.44 1 0
github.com/upmio/compose-operator/webhook/mysqlgroupreplication/mysqlgroupreplication_webhook.go:63.44,65.3 1 0
github.com/upmio/compose-operator/webhook/mysqlgroupreplication/mysqlgroupreplication_webhook.go:67.2,67.12 1 0
github.com/upmio/compose-operator/webhook/mysqlgroupreplication/mysqlgroupreplication_webhook.go:76.142,81.2 3 0
github.com/upmio/compose-operator/webhook/mysqlgroupreplication/mysqlgroupreplication_webhook.go:84.165,93.16 5 0
github.com/upmio/compose-operator/webhook/mysqlgroupreplication/mysqlgroupreplication_webhook.go:93.16,95.3 1 0
github.com/upmio/compose-operator/webhook/mysqlgroupreplication/mysqlgroupreplication_webhook.go:98.2,101.58 2 0
github.com/upmio/compose-operator/webhook/mysqlgroupreplication/mysqlgroupreplication_webhook.go:101.58,107.3 1 0
github.com/upmio/compose-operator/webhook/mysqlgroupreplication/mysqlgroupreplication_webhook.go:110.2,110.58 1 0
github.com/upmio/compose-operator/webhook/mysqlgroupreplication/mysqlgroupreplication_webhook.go:110.58,112.3 1 0
github.com/upmio/compose-operator/webhook/mysqlgroupreplication/mysqlgroupreplication_webhook.go:114.2,114.22 1 0
github.com/upmio/compose-operator/webhook/mysqlgroupreplication/mysqlgroupreplication_webhook.go:114.22,116.3 1 0
github.com/upmio/compose-operator/webhook/mysqlgroupreplication/mysqlgroupreplication_webhook.go:118.2,118.22 1 0
github.com/upmio/compose-operator/webhook/mysqlgroupreplication/mysqlgroupreplication_webhook.go:122.139,131.2 4 0
github.com/upmio/compose-operator/webhook/mysqlgroupreplication/mysqlgroupreplication_webhook.go:134.142,139.36 3 0
github.com/upmio/compose-operator/webhook/mysqlgroupreplication/mysqlgroupreplication_webhook.go:139.36,144.3 1 0
github.com/upmio/compose-operator/webhook/mysqlgroupreplication/mysqlgroupreplication_webhook.go:144.8,146.36 1 0
github.com/upmio/compose-operator/webhook/mysqlgroupreplication/mysqlgroupreplication_webhook.go:146.36,148.4 1 0
github.com/upmio/compose-operator/webhook/mysqlgroupreplication/mysqlgroupreplication_webhook.go:151.3,151.36 1 0
github.com/upmio/compose-operator/webhook/mysqlgroupreplication/mysqlgroupreplication_webhook.go:151.36,157.4 1 0
github.com/upmio/compose-operator/webhook/mysqlgroupreplication/mysqlgroupreplication_webhook.go:159.3,159.47 1 0
github.com/upmio/compose-operator/webhook/mysqlgroupreplication/mysqlgroupreplication_webhook.go:159.47,161.76 2 0
github.com/upmio/compose-operator/webhook/mysqlgroupreplication/mysqlgroupreplication_webhook.go:161.76,163.5 1 0
github.com/upmio/compose-operator/webhook/mysqlgroupreplication/mysqlgroupreplication_webhook.go:167.3,167.61 1 0
github.com/upmio/compose-operator/webhook/mysqlgroupreplication/mysqlgroupreplication_webhook.go:167.61,169.4 1 0
github.com/upmio/compose-operator/webhook/mysqlgroupreplication/mysqlgroupreplication_webhook.go:173.2,173.51 1 0
github.com/upmio/compose-operator/webhook/mysqlgroupreplication/mysqlgroupreplication_webhook.go:173.51,175.3 1 0
github.com/upmio/compose-operator/webhook/mysqlgroupreplication/mysqlgroupreplication_webhook.go:177.2,177.22 1 0
github.com/upmio/compose-operator/webhook/mysqlgroupreplication/mysqlgroupreplication_webhook.go:177.22,179.3 1 0
github.com/upmio/compose-operator/webhook/mysqlgroupreplication/mysqlgroupreplication_webhook.go:181.2,181.22 1 0
github.com/upmio/compose-operator/webhook/mysqlgroupreplication/mysqlgroupreplication_webhook.go:185.144,189.21 2 0
github.com/upmio/compose-operator/webhook/mysqlgroupreplication/mysqlgroupreplication_webhook.go:189.21,194.3 1 0
github.com/upmio/compose-operator/webhook/mysqlgroupreplication/mysqlgroupreplication_webhook.go:197.2,197.21 1 0
github.com/upmio/compose-operator/webhook/mysqlgroupreplication/mysqlgroupreplication_webhook.go:197.21,202.3 1 0
github.com/upmio/compose-operator/webhook/mysqlgroupreplication/mysqlgroupreplication_webhook.go:202.8,204.67 1 0
github.com/upmio/compose-operator/webhook/mysqlgroupreplication/mysqlgroupreplication_webhook.go:204.67,210.4 1 0
github.com/upmio/compose-operator/webhook/mysqlgroupreplication/mysqlgroupreplication_webhook.go:214.2,214.41 1 0
github.com/upmio/compose-operator/webhook/mysqlgroupreplication/mysqlgroupreplication_webhook.go:214.41,220.3 1 0
github.com/upmio/compose-operator/webhook/mysqlgroupreplication/mysqlgroupreplication_webhook.go:222.2,222.16 1 0
github.com/upmio/compose-operator/webhook/mysqlgroupreplication/mysqlgroupreplication_webhook.go:226.124,231.46 3 0
github.com/upmio/compose-operator/webhook/mysqlgroupreplication/mysqlgroupreplication_webhook.go:231.46,232.24 1 0
github.com/upmio/compose-operator/webhook/mysqlgroupreplication/mysqlgroupreplication_webhook.go:232.24,233.30 1 0
github.com/upmio/compose-operator/webhook/mysqlgroupreplication/mysqlgroupreplication_webhook.go:233.30,239.5 1 0
github.com/upmio/compose-operator/webhook/mysqlgroupreplication/mysqlgroupreplication_webhook.go:240.4,240.33 1 0
github.com/upmio/compose-operator/webhook/mysqlgroupreplication/mysqlgroupreplication_webhook.go:244.2,244.16 1 0
github.com/upmio/compose-operator/webhook/mysqlgroupreplication/mysqlgroupreplication_webhook.go:248.115,252.37 3 0
github.com/upmio/compose-operator/webhook/mysqlgroupreplication/mysqlgroupreplication_webhook.go:252.37,257.3 1 0
github.com/upmio/compose-operator/webhook/mysqlgroupreplication/mysqlgroupreplication_webhook.go:259.2,259.38 1 0
github.com/upmio/compose-operator/webhook/mysqlgroupreplication/mysqlgroupreplication_webhook.go:259.38,264.3 1 0
github.com/upmio/compose-operator/webhook/mysqlgroupreplication/mysqlgroupreplication_webhook.go:266.2,266.44 1 0
github.com/upmio/compose-operator/webhook/mysqlgroupreplication/mysqlgroupreplication_webhook.go:266.44,271.3 1 0
github.com/upmio/compose-operator/webhook/mysqlgroupreplication/mysqlgroupreplication_webhook.go:273.2,273.16 1 0
github.com/upmio/compose-operator/webhook/mysqlgroupreplication/mysqlgroupreplication_webhook.go:279.44,284.47 1 0
github.com/upmio/compose-operator/webhook/mysqlgroupreplication/mysqlgroupreplication_webhook.go:284.47,286.3 1 0
github.com/upmio/compose-operator/webhook/mysqlgroupreplication/mysqlgroupreplication_webhook.go:290.2,290.52 1 0
github.com/upmio/compose-operator/webhook/mysqlgroupreplication/mysqlgroupreplication_webhook.go:290.52,294.39 1 0
github.com/upmio/compose-operator/webhook/mysqlgroupreplication/mysqlgroupreplication_webhook.go:294.39,296.4 1 0
github.com/upmio/compose-operator/webhook/mysqlgroupreplication/mysqlgroupreplication_webhook.go:301.3,301.26 1 0
github.com/upmio/compose-operator/webhook/mysqlgroupreplication/mysqlgroupreplication_webhook.go:301.26,302.97 1 0
github.com/upmio/compose-operator/webhook/mysqlgroupreplication/mysqlgroupreplication_webhook.go:302.97,304.5 1 0
github.com/upmio/compose-operator/webhook/mysqlgroupreplication/mysqlgroupreplication_webhook.go:310.3,310.67 1 0
github.com/upmio/compose-operator/webhook/mysqlgroupreplication/mysqlgroupreplication_webhook.go:310.67,312.4 1 0
github.com/upmio/compose-operator/webhook/mysqlgroupreplication/mysqlgroupreplication_webhook.go:315.2,315.13 1 0
github.com/upmio/compose-operator/pkg/mysqlutil/client.go:46.79,53.16 5 0
github.com/upmio/compose-operator/pkg/mysqlutil/client.go:53.16,56.3 1 0
github.com/upmio/compose-operator/pkg/mysqlutil/client.go:58.2,59.16 2 0
github.com/upmio/compose-operator/pkg/mysqlutil/client.go:59.16,61.3 1 0
github.com/upmio/compose-operator/pkg/mysqlutil/client.go:63.2,63.15 1 0
github.com/upmio/compose-operator/pkg/mysqlutil/client.go:67.32,69.2 1 1
github.com/upmio/compose-operator/pkg/mysqlutil/client.go:71.91,73.2 1 1
github.com/upmio/compose-operator/pkg/mysqlutil/client.go:75.91,77.2 1 1
github.com/upmio/compose-operator/pkg/mysqlutil/client.go:79.100,81.2 1 1
github.com/upmio/compose-operator/pkg/mysqlutil/connections.go:82.100,88.20 2 0
github.com/upmio/compose-operator/pkg/mysqlutil/connections.go:88.20,89.37 1 0
github.com/upmio/compose-operator/pkg/mysqlutil/connections.go:89.37,91.4 1 0
github.com/upmio/compose-operator/pkg/mysqlutil/connections.go:93.3,94.34 2 0
github.com/upmio/compose-operator/pkg/mysqlutil/connections.go:96.2,97.12 2 0
github.com/upmio/compose-operator/pkg/mysqlutil/connections.go:103.53,104.29 1 0
github.com/upmio/compose-operator/pkg/mysqlutil/connections.go:104.29,106.3 1 0
github.com/upmio/compose-operator/pkg/mysqlutil/connections.go:111.53,114.2 2 0
github.com/upmio/compose-operator/pkg/mysqlutil/connections.go:118.67,120.36 1 0
github.com/upmio/compose-operator/pkg/mysqlutil/connections.go:120.36,122.3 1 0
github.com/upmio/compose-operator/pkg/mysqlutil/connections.go:124.2,125.28 2 0
github.com/upmio/compose-operator/pkg/mysqlutil/connections.go:125.28,127.3 1 0
github.com/upmio/compose-operator/pkg/mysqlutil/connections.go:127.8,129.3 1 0
github.com/upmio/compose-operator/pkg/mysqlutil/connections.go:130.2,130.15 1 0
github.com/upmio/compose-operator/pkg/mysqlutil/connections.go:133.68,136.16 2 0
github.com/upmio/compose-operator/pkg/mysqlutil/connections.go:136.16,138.3 1 0
github.com/upmio/compose-operator/pkg/mysqlutil/connections.go:140.2,140.15 1 0
github.com/upmio/compose-operator/pkg/mysqlutil/connections.go:145.59,149.2 3 0
github.com/upmio/compose-operator/pkg/mysqlutil/connections.go:152.50,153.36 1 0
github.com/upmio/compose-operator/pkg/mysqlutil/connections.go:153.36,156.3 2 0
github.com/upmio/compose-operator/pkg/mysqlutil/connections.go:161.57,164.2 2 0
github.com/upmio/compose-operator/pkg/mysqlutil/connections.go:167.38,168.32 1 1
github.com/upmio/compose-operator/pkg/mysqlutil/connections.go:168.32,170.3 1 1
github.com/upmio/compose-operator/pkg/mysqlutil/connections.go:171.2,171.36 1 1
github.com/upmio/compose-operator/pkg/mysqlutil/connections.go:176.64,177.36 1 1
github.com/upmio/compose-operator/pkg/mysqlutil/connections.go:177.36,179.3 1 1
github.com/upmio/compose-operator/pkg/mysqlutil/connections.go:180.2,181.28 2 0
github.com/upmio/compose-operator/pkg/mysqlutil/connections.go:181.28,183.3 1 0
github.com/upmio/compose-operator/pkg/mysqlutil/connections.go:184.2,184.15 1 0
github.com/upmio/compose-operator/pkg/mysqlutil/connections.go:188.58,190.2 1 1
github.com/upmio/compose-operator/pkg/mysqlutil/connections.go:193.77,195.29 2 0
github.com/upmio/compose-operator/pkg/mysqlutil/connections.go:195.29,196.42 1 0
github.com/upmio/compose-operator/pkg/mysqlutil/connections.go:196.42,198.4 1 0
github.com/upmio/compose-operator/pkg/mysqlutil/connections.go:200.2,200.24 1 0
github.com/upmio/compose-operator/pkg/mysqlutil/group.go:84.34,89.2 1 0
github.com/upmio/compose-operator/pkg/mysqlutil/group.go:92.47,98.2 1 0
github.com/upmio/compose-operator/pkg/mysqlutil/group.go:101.39,105.2 1 0
github.com/upmio/compose-operator/pkg/mysqlutil/group.go:108.44,112.62 3 0
github.com/upmio/compose-operator/pkg/mysqlutil/group.go:112.62,113.36 1 0
github.com/upmio/compose-operator/pkg/mysqlutil/group.go:113.36,115.4 1 0
github.com/upmio/compose-operator/pkg/mysqlutil/group.go:115.9,115.43 1 0
github.com/upmio/compose-operator/pkg/mysqlutil/group.go:115.43,117.4 1 0
github.com/upmio/compose-operator/pkg/mysqlutil/group.go:121.2,121.39 1 0
github.com/upmio/compose-operator/pkg/mysqlutil/group.go:121.39,123.3 1 0
github.com/upmio/compose-operator/pkg/mysqlutil/group.go:123.8,123.46 1 0
github.com/upmio/compose-operator/pkg/mysqlutil/group.go:123.46,125.3 1 0
github.com/upmio/compose-operator/pkg/mysqlutil/group.go:127.2,127.14 1 0
github.com/upmio/compose-operator/pkg/mysqlutil/group.go:131.73,132.16 1 0
github.com/upmio/compose-operator/pkg/mysqlutil/group.go:133.24,134.62 1 0
github.com/upmio/compose-operator/pkg/mysqlutil/group.go:135.26,136.64 1 0
github.com/upmio/compose-operator/pkg/mysqlutil/group.go:139.2,139.58 1 0
github.com/upmio/compose-operator/pkg/mysqlutil/group.go:142.44,146.34 3 0
github.com/upmio/compose-operator/pkg/mysqlutil/group.go:146.34,148.30 1 0
github.com/upmio/compose-operator/pkg/mysqlutil/group.go:148.30,149.12 1 0
github.com/upmio/compose-operator/pkg/mysqlutil/group.go:153.3,153.63 1 0
github.com/upmio/compose-operator/pkg/mysqlutil/group.go:153.63,156.4 2 0
github.com/upmio/compose-operator/pkg/mysqlutil/group.go:159.2,159.20 1 0
github.com/upmio/compose-operator/pkg/mysqlutil/groupadmin.go:57.88,66.2 3 0
github.com/upmio/compose-operator/pkg/mysqlutil/groupadmin.go:69.54,71.2 1 0
github.com/upmio/compose-operator/pkg/mysqlutil/groupadmin.go:74.30,76.2 1 0
github.com/upmio/compose-operator/pkg/mysqlutil/groupadmin.go:79.86,87.45 3 0
github.com/upmio/compose-operator/pkg/mysqlutil/groupadmin.go:87.45,91.17 2 0
github.com/upmio/compose-operator/pkg/mysqlutil/groupadmin.go:91.17,93.12 2 0
github.com/upmio/compose-operator/pkg/mysqlutil/groupadmin.go:97.3,97.70 1 0
github.com/upmio/compose-operator/pkg/mysqlutil/groupadmin.go:97.70,100.4 2 0
github.com/upmio/compose-operator/pkg/mysqlutil/groupadmin.go:102.3,102.27 1 0
github.com/upmio/compose-operator/pkg/mysqlutil/groupadmin.go:105.2,105.9 1 0
github.com/upmio/compose-operator/pkg/mysqlutil/groupadmin.go:106.25,107.39 1 0
github.com/upmio/compose-operator/pkg/mysqlutil/groupadmin.go:107.39,109.37 1 0
github.com/upmio/compose-operator/pkg/mysqlutil/groupadmin.go:109.37,110.13 1 0
github.com/upmio/compose-operator/pkg/mysqlutil/groupadmin.go:113.4,114.18 2 0
github.com/upmio/compose-operator/pkg/mysqlutil/groupadmin.go:114.18,116.13 2 0
github.com/upmio/compose-operator/pkg/mysqlutil/groupadmin.go:119.4,119.23 1 0
github.com/upmio/compose-operator/pkg/mysqlutil/groupadmin.go:119.23,122.5 2 0
github.com/upmio/compose-operator/pkg/mysqlutil/groupadmin.go:124.24,126.15 2 0
github.com/upmio/compose-operator/pkg/mysqlutil/groupadmin.go:129.2,132.35 4 0
github.com/upmio/compose-operator/pkg/mysqlutil/groupadmin.go:132.35,133.35 1 0
github.com/upmio/compose-operator/pkg/mysqlutil/groupadmin.go:134.25,135.21 1 0
github.com/upmio/compose-operator/pkg/mysqlutil/groupadmin.go:136.29,137.25 1 0
github.com/upmio/compose-operator/pkg/mysqlutil/groupadmin.go:138.26,139.22 1 0
github.com/upmio/compose-operator/pkg/mysqlutil/groupadmin.go:143.2,145.9 2 0
github.com/upmio/compose-operator/pkg/mysqlutil/groupadmin.go:146.91,147.32 1 0
github.com/upmio/compose-operator/pkg/mysqlutil/groupadmin.go:148.91,149.37 1 0
github.com/upmio/compose-operator/pkg/mysqlutil/groupadmin.go:150.100,151.38 1 0
github.com/upmio/compose-operator/pkg/mysqlutil/groupadmin.go:152.111,153.34 1 0
github.com/upmio/compose-operator/pkg/mysqlutil/groupadmin.go:156.2,156.14 1 0
github.com/upmio/compose-operator/pkg/mysqlutil/groupadmin.go:159.114,161.16 2 0
github.com/upmio/compose-operator/pkg/mysqlutil/groupadmin.go:161.16,163.3 1 0
github.com/upmio/compose-operator/pkg/mysqlutil/groupadmin.go:165.2,169.86 4 0
github.com/upmio/compose-operator/pkg/mysqlutil/groupadmin.go:169.86,171.3 1 0
github.com/upmio/compose-operator/pkg/mysqlutil/groupadmin.go:171.8,174.19 2 0
github.com/upmio/compose-operator/pkg/mysqlutil/groupadmin.go:174.19,178.4 2 0
github.com/upmio/compose-operator/pkg/mysqlutil/groupadmin.go:178.9,180.82 1 0
github.com/upmio/compose-operator/pkg/mysqlutil/groupadmin.go:180.82,182.5 1 0
github.com/upmio/compose-operator/pkg/mysqlutil/groupadmin.go:187.2,187.22 1 0
github.com/upmio/compose-operator/pkg/mysqlutil/groupadmin.go:190.89,193.16 2 0
github.com/upmio/compose-operator/pkg/mysqlutil/groupadmin.go:193.16,195.3 1 0
github.com/upmio/compose-operator/pkg/mysqlutil/groupadmin.go:197.2,198.16 2 0
github.com/upmio/compose-operator/pkg/mysqlutil/groupadmin.go:198.16,200.3 1 0
github.com/upmio/compose-operator/pkg/mysqlutil/groupadmin.go:202.2,203.16 2 0
github.com/upmio/compose-operator/pkg/mysqlutil/groupadmin.go:203.16,205.3 1 0
github.com/upmio/compose-operator/pkg/mysqlutil/groupadmin.go:207.2,212.16 5 0
github.com/upmio/compose-operator/pkg/mysqlutil/groupadmin.go:212.16,214.3 1 0
github.com/upmio/compose-operator/pkg/mysqlutil/groupadmin.go:216.2,216.21 1 0
github.com/upmio/compose-operator/pkg/mysqlutil/groupadmin.go:216.21,218.3 1 0
github.com/upmio/compose-operator/pkg/mysqlutil/groupadmin.go:220.2,222.62 2 0
github.com/upmio/compose-operator/pkg/mysqlutil/groupadmin.go:222.62,224.3 1 0
github.com/upmio/compose-operator/pkg/mysqlutil/groupadmin.go:224.8,225.15 1 0
github.com/upmio/compose-operator/pkg/mysqlutil/groupadmin.go:226.12,227.24 1 0
github.com/upmio/compose-operator/pkg/mysqlutil/groupadmin.go:228.12,229.25 1 0
github.com/upmio/compose-operator/pkg/mysqlutil/groupadmin.go:233.2,233.67 1 0
github.com/upmio/compose-operator/pkg/mysqlutil/groupadmin.go:233.67,235.3 1 0
github.com/upmio/compose-operator/pkg/mysqlutil/groupadmin.go:235.8,236.15 1 0
github.com/upmio/compose-operator/pkg/mysqlutil/groupadmin.go:237.12,238.29 1 0
github.com/upmio/compose-operator/pkg/mysqlutil/groupadmin.go:239.12,240.30 1 0
github.com/upmio/compose-operator/pkg/mysqlutil/groupadmin.go:244.2,244.79 1 0
github.com/upmio/compose-operator/pkg/mysqlutil/groupadmin.go:244.79,246.3 1 0
github.com/upmio/compose-operator/pkg/mysqlutil/groupadmin.go:248.2,248.18 1 0
github.com/upmio/compose-operator/pkg/mysqlutil/groupadmin.go:251.97,254.16 2 0
github.com/upmio/compose-operator/pkg/mysqlutil/groupadmin.go:254.16,256.3 1 0
github.com/upmio/compose-operator/pkg/mysqlutil/groupadmin.go:258.2,259.80 2 0
github.com/upmio/compose-operator/pkg/mysqlutil/groupadmin.go:259.80,261.3 1 0
github.com/upmio/compose-operator/pkg/mysqlutil/groupadmin.go:263.2,263.27 1 0
github.com/upmio/compose-operator/pkg/mysqlutil/groupadmin.go:263.27,264.72 1 0
github.com/upmio/compose-operator/pkg/mysqlutil/groupadmin.go:264.72,266.4 1 0
github.com/upmio/compose-operator/pkg/mysqlutil/groupadmin.go:269.2,270.88 2 0
github.com/upmio/compose-operator/pkg/mysqlutil/groupadmin.go:270.88,272.3 1 0
github.com/upmio/compose-operator/pkg/mysqlutil/groupadmin.go:274.2,274.35 1 0
github.com/upmio/compose-operator/pkg/mysqlutil/groupadmin.go:274.35,275.80 1 0
github.com/upmio/compose-operator/pkg/mysqlutil/groupadmin.go:275.80,277.4 1 0
github.com/upmio/compose-operator/pkg/mysqlutil/groupadmin.go:280.2,280.12 1 0
github.com/upmio/compose-operator/pkg/mysqlutil/groupadmin.go:283.111,285.16 2 0
github.com/upmio/compose-operator/pkg/mysqlutil/groupadmin.go:285.16,287.3 1 0
github.com/upmio/compose-operator/pkg/mysqlutil/groupadmin.go:289.2,289.58 1 0
github.com/upmio/compose-operator/pkg/mysqlutil/groupadmin.go:289.58,291.3 1 0
github.com/upmio/compose-operator/pkg/mysqlutil/groupadmin.go:293.2,293.101 1 0
github.com/upmio/compose-operator/pkg/mysqlutil/groupadmin.go:293.101,295.3 1 0
github.com/upmio/compose-operator/pkg/mysqlutil/groupadmin.go:297.2,297.71 1 0
github.com/upmio/compose-operator/pkg/mysqlutil/groupadmin.go:297.71,299.3 1 0
github.com/upmio/compose-operator/pkg/mysqlutil/groupadmin.go:301.2,301.59 1 0
github.com/upmio/compose-operator/pkg/mysqlutil/groupadmin.go:301.59,303.3 1 0
github.com/upmio/compose-operator/pkg/mysqlutil/groupadmin.go:305.2,305.72 1 0
github.com/upmio/compose-operator/pkg/mysqlutil/groupadmin.go:305.72,307.3 1 0
github.com/upmio/compose-operator/pkg/mysqlutil/groupadmin.go:309.2,309.12 1 0
github.com/upmio/compose-operator/pkg/mysqlutil/groupadmin.go:312.110,314.16 2 0
github.com/upmio/compose-operator/pkg/mysqlutil/groupadmin.go:314.16,316.3 1 0
github.com/upmio/compose-operator/pkg/mysqlutil/groupadmin.go:322.2,322.101 1 0
github.com/upmio/compose-operator/pkg/mysqlutil/groupadmin.go:322.101,324.3 1 0
[...]
github.com/upmio/compose-operator/controller/rediscluster/helper.go:54.4,54.75 1 0
github.com/upmio/compose-operator/controller/rediscluster/helper.go:58.2,63.71 2 0
github.com/upmio/compose-operator/controller/rediscluster/helper.go:67.121,74.16 3 1
github.com/upmio/compose-operator/controller/rediscluster/helper.go:74.16,76.3 1 0
github.com/upmio/compose-operator/controller/rediscluster/helper.go:78.2,79.16 2 1
github.com/upmio/compose-operator/controller/rediscluster/helper.go:79.16,81.3 1 1
github.com/upmio/compose-operator/controller/rediscluster/helper.go:83.2,83.30 1 0
github.com/upmio/compose-operator/controller/rediscluster/rediscluster_controller.go:75.103,79.15 4 1
github.com/upmio/compose-operator/controller/rediscluster/rediscluster_controller.go:79.15,81.3 1 1
github.com/upmio/compose-operator/controller/rediscluster/rediscluster_controller.go:84.2,85.72 2 1
github.com/upmio/compose-operator/controller/rediscluster/rediscluster_controller.go:85.72,86.29 1 1
github.com/upmio/compose-operator/controller/rediscluster/rediscluster_controller.go:86.29,89.4 2 1
github.com/upmio/compose-operator/controller/rediscluster/rediscluster_controller.go:91.3,92.33 2 0
github.com/upmio/compose-operator/controller/rediscluster/rediscluster_controller.go:95.2,106.16 5 1
github.com/upmio/compose-operator/controller/rediscluster/rediscluster_controller.go:106.16,109.3 2 1
github.com/upmio/compose-operator/controller/rediscluster/rediscluster_controller.go:109.8,114.121 3 0
github.com/upmio/compose-operator/controller/rediscluster/rediscluster_controller.go:114.121,116.64 2 0
github.com/upmio/compose-operator/controller/rediscluster/rediscluster_controller.go:116.64,119.5 2 0
github.com/upmio/compose-operator/controller/rediscluster/rediscluster_controller.go:119.10,121.5 1 0
github.com/upmio/compose-operator/controller/rediscluster/rediscluster_controller.go:124.3,126.58 2 0
github.com/upmio/compose-operator/controller/rediscluster/rediscluster_controller.go:129.2,134.8 2 1
github.com/upmio/compose-operator/controller/rediscluster/rediscluster_controller.go:137.36,151.2 2 1
github.com/upmio/compose-operator/controller/rediscluster/status.go:38.25,40.59 1 1
github.com/upmio/compose-operator/controller/rediscluster/status.go:40.59,41.76 1 1
github.com/upmio/compose-operator/controller/rediscluster/status.go:41.76,43.4 1 0
github.com/upmio/compose-operator/controller/rediscluster/status.go:47.94,48.44 1 1
github.com/upmio/compose-operator/controller/rediscluster/status.go:48.44,51.3 2 0
github.com/upmio/compose-operator/controller/rediscluster/status.go:53.2,53.28 1 1
github.com/upmio/compose-operator/controller/rediscluster/status.go:53.28,56.3 2 0
github.com/upmio/compose-operator/controller/rediscluster/status.go:58.2,58.44 1 1
github.com/upmio/compose-operator/controller/rediscluster/status.go:58.44,61.3 2 1
github.com/upmio/compose-operator/controller/rediscluster/status.go:63.2,63.44 1 1
github.com/upmio/compose-operator/controller/rediscluster/status.go:63.44,64.47 1 1
github.com/upmio/compose-operator/controller/rediscluster/status.go:64.47,67.4 2 0
github.com/upmio/compose-operator/controller/rediscluster/status.go:67.9,67.51 1 1
github.com/upmio/compose-operator/controller/rediscluster/status.go:67.51,69.4 1 0
github.com/upmio/compose-operator/controller/rediscluster/status.go:72.2,72.56 1 1
github.com/upmio/compose-operator/controller/rediscluster/status.go:72.56,75.3 2 0
github.com/upmio/compose-operator/controller/rediscluster/status.go:77.2,77.14 1 1
github.com/upmio/compose-operator/controller/rediscluster/status.go:80.95,81.78 1 1
github.com/upmio/compose-operator/controller/rediscluster/status.go:81.78,84.3 2 0
github.com/upmio/compose-operator/controller/rediscluster/status.go:86.2,86.86 1 1
github.com/upmio/compose-operator/controller/rediscluster/status.go:86.86,89.3 2 0
github.com/upmio/compose-operator/controller/rediscluster/status.go:91.2,91.94 1 1
github.com/upmio/compose-operator/controller/rediscluster/status.go:91.94,94.3 2 0
github.com/upmio/compose-operator/controller/rediscluster/status.go:96.2,96.100 1 1
github.com/upmio/compose-operator/controller/rediscluster/status.go:96.100,99.3 2 0
github.com/upmio/compose-operator/controller/rediscluster/status.go:101.2,101.72 1 1
github.com/upmio/compose-operator/controller/rediscluster/status.go:101.72,104.3 2 0
github.com/upmio/compose-operator/controller/rediscluster/status.go:106.2,106.93 1 1
github.com/upmio/compose-operator/controller/rediscluster/status.go:106.93,109.3 2 0
github.com/upmio/compose-operator/controller/rediscluster/status.go:111.2,111.81 1 1
github.com/upmio/compose-operator/controller/rediscluster/status.go:111.81,114.3 2 0
github.com/upmio/compose-operator/controller/rediscluster/status.go:116.2,118.24 3 1
github.com/upmio/compose-operator/controller/rediscluster/status.go:118.24,120.3 1 0
github.com/upmio/compose-operator/controller/rediscluster/status.go:121.2,121.24 1 1
github.com/upmio/compose-operator/controller/rediscluster/status.go:121.24,123.3 1 0
github.com/upmio/compose-operator/controller/rediscluster/status.go:124.2,124.30 1 1
github.com/upmio/compose-operator/controller/rediscluster/status.go:124.30,127.3 2 0
github.com/upmio/compose-operator/controller/rediscluster/status.go:129.2,129.50 1 1
github.com/upmio/compose-operator/controller/rediscluster/status.go:129.50,132.3 2 0
github.com/upmio/compose-operator/controller/rediscluster/status.go:134.2,134.14 1 1
github.com/upmio/compose-operator/controller/rediscluster/status.go:137.108,144.54 6 1
github.com/upmio/compose-operator/controller/rediscluster/status.go:144.54,145.30 1 1
github.com/upmio/compose-operator/controller/rediscluster/status.go:145.30,157.4 1 1
github.com/upmio/compose-operator/controller/rediscluster/status.go:160.2,160.15 1 1
github.com/upmio/compose-operator/controller/rediscluster/status.go:163.116,164.53 1 0
github.com/upmio/compose-operator/controller/rediscluster/status.go:164.53,166.3 1 0
github.com/upmio/compose-operator/controller/rediscluster/status.go:168.2,170.46 2 0
github.com/upmio/compose-operator/controller/rediscluster/status.go:170.46,171.30 1 0
github.com/upmio/compose-operator/controller/rediscluster/status.go:171.30,173.38 2 0
github.com/upmio/compose-operator/controller/rediscluster/status.go:173.38,174.13 1 0
github.com/upmio/compose-operator/controller/rediscluster/status.go:176.4,178.11 3 0
github.com/upmio/compose-operator/controller/rediscluster/status.go:178.11,179.13 1 0
github.com/upmio/compose-operator/controller/rediscluster/status.go:181.4,186.36 6 0
github.com/upmio/compose-operator/controller/rediscluster/status.go:186.36,188.32 2 0
github.com/upmio/compose-operator/controller/rediscluster/status.go:188.32,190.6 1 0
github.com/upmio/compose-operator/controller/rediscluster/status.go:200.57,207.2 1 0
github.com/upmio/compose-operator/controller/rediscluster/status.go:210.65,217.2 1 1
github.com/upmio/compose-operator/controller/rediscluster/status.go:219.74,221.2 1 0
github.com/upmio/compose-operator/controller/rediscluster/status.go:223.74,225.2 1 0
github.com/upmio/compose-operator/controller/mysqlgroupreplication/handler.go:35.134,43.62 6 1
github.com/upmio/compose-operator/controller/mysqlgroupreplication/handler.go:43.62,45.3 1 0
github.com/upmio/compose-operator/controller/mysqlgroupreplication/handler.go:47.2,47.26 1 1
github.com/upmio/compose-operator/controller/mysqlgroupreplication/handler.go:48.37,50.13 2 0
github.com/upmio/compose-operator/controller/mysqlgroupreplication/handler.go:51.34,52.52 1 0
github.com/upmio/compose-operator/controller/mysqlgroupreplication/handler.go:53.32,55.24 2 1
github.com/upmio/compose-operator/controller/mysqlgroupreplication/handler.go:55.24,57.4 1 0
github.com/upmio/compose-operator/controller/mysqlgroupreplication/handler.go:59.3,61.98 2 1
github.com/upmio/compose-operator/controller/mysqlgroupreplication/handler.go:61.98,63.4 1 1
github.com/upmio/compose-operator/controller/mysqlgroupreplication/handler.go:65.3,67.39 2 0
github.com/upmio/compose-operator/controller/mysqlgroupreplication/handler.go:69.39,70.76 1 0
github.com/upmio/compose-operator/controller/mysqlgroupreplication/handler.go:71.38,75.43 3 0
github.com/upmio/compose-operator/controller/mysqlgroupreplication/handler.go:75.43,76.49 1 0
github.com/upmio/compose-operator/controller/mysqlgroupreplication/handler.go:76.49,77.13 1 0
github.com/upmio/compose-operator/controller/mysqlgroupreplication/handler.go:79.4,79.64 1 0
github.com/upmio/compose-operator/controller/mysqlgroupreplication/handler.go:79.64,81.5 1 0
github.com/upmio/compose-operator/controller/mysqlgroupreplication/handler.go:82.4,82.145 1 0
github.com/upmio/compose-operator/controller/mysqlgroupreplication/handler.go:86.3,86.30 1 0
github.com/upmio/compose-operator/controller/mysqlgroupreplication/handler.go:89.2,91.42 2 0
github.com/upmio/compose-operator/controller/mysqlgroupreplication/handler.go:91.42,92.93 1 0
github.com/upmio/compose-operator/controller/mysqlgroupreplication/handler.go:92.93,95.91 2 0
github.com/upmio/compose-operator/controller/mysqlgroupreplication/handler.go:95.91,97.5 1 0
github.com/upmio/compose-operator/controller/mysqlgroupreplication/handler.go:97.10,100.5 1 0
github.com/upmio/compose-operator/controller/mysqlgroupreplication/handler.go:104.2,104.29 1 0
github.com/upmio/compose-operator/controller/mysqlgroupreplication/handler.go:106.120,117.44 5 1
github.com/upmio/compose-operator/controller/mysqlgroupreplication/handler.go:117.44,120.3 2 1
github.com/upmio/compose-operator/controller/mysqlgroupreplication/handler.go:121.2,124.37 3 1
github.com/upmio/compose-operator/controller/mysqlgroupreplication/handler.go:124.37,125.77 1 1
github.com/upmio/compose-operator/controller/mysqlgroupreplication/handler.go:125.77,127.4 1 0
github.com/upmio/compose-operator/controller/mysqlgroupreplication/handler.go:130.2,130.29 1 1
github.com/upmio/compose-operator/controller/mysqlgroupreplication/handler.go:133.86,138.44 3 1
github.com/upmio/compose-operator/controller/mysqlgroupreplication/handler.go:138.44,139.63 1 1
github.com/upmio/compose-operator/controller/mysqlgroupreplication/handler.go:139.63,141.4 1 0
github.com/upmio/compose-operator/controller/mysqlgroupreplication/handler.go:144.2,144.29 1 0
github.com/upmio/compose-operator/controller/mysqlgroupreplication/handler.go:147.102,157.27 6 1
github.com/upmio/compose-operator/controller/mysqlgroupreplication/handler.go:157.27,159.3 1 0
github.com/upmio/compose-operator/controller/mysqlgroupreplication/handler.go:162.2,162.92 1 1
github.com/upmio/compose-operator/controller/mysqlgroupreplication/handler.go:162.92,165.56 2 1
github.com/upmio/compose-operator/controller/mysqlgroupreplication/handler.go:165.56,167.4 1 0
github.com/upmio/compose-operator/controller/mysqlgroupreplication/handler.go:168.3,168.127 1 0
github.com/upmio/compose-operator/controller/mysqlgroupreplication/handler.go:171.2,171.12 1 0
github.com/upmio/compose-operator/controller/mysqlgroupreplication/helper.go:39.131,42.44 2 1
github.com/upmio/compose-operator/controller/mysqlgroupreplication/helper.go:42.44,45.3 2 1
github.com/upmio/compose-operator/controller/mysqlgroupreplication/helper.go:47.2,53.69 2 1
github.com/upmio/compose-operator/controller/mysqlgroupreplication/helper.go:57.115,64.16 3 1
github.com/upmio/compose-operator/controller/mysqlgroupreplication/helper.go:64.16,66.3 1 0
github.com/upmio/compose-operator/controller/mysqlgroupreplication/helper.go:68.2,69.16 2 1
github.com/upmio/compose-operator/controller/mysqlgroupreplication/helper.go:69.16,71.3 1 0
github.com/upmio/compose-operator/controller/mysqlgroupreplication/helper.go:73.2,74.16 2 1
github.com/upmio/compose-operator/controller/mysqlgroupreplication/helper.go:74.16,76.3 1 0
github.com/upmio/compose-operator/controller/mysqlgroupreplication/helper.go:78.2,78.64 1 1
github.com/upmio/compose-operator/controller/mysqlgroupreplication/helper.go:81.73,86.13 3 1
github.com/upmio/compose-operator/controller/mysqlgroupreplication/helper.go:86.13,88.3 1 1
github.com/upmio/compose-operator/controller/mysqlgroupreplication/helper.go:91.2,98.3 1 0
github.com/upmio/compose-operator/controller/mysqlgroupreplication/mysqlgroupreplication_controller.go:87.112,91.15 4 1
github.com/upmio/compose-operator/controller/mysqlgroupreplication/mysqlgroupreplication_controller.go:91.15,93.3 1 1
github.com/upmio/compose-operator/controller/mysqlgroupreplication/mysqlgroupreplication_controller.go:96.2,97.72 2 1
github.com/upmio/compose-operator/controller/mysqlgroupreplication/mysqlgroupreplication_controller.go:97.72,98.29 1 1
github.com/upmio/compose-operator/controller/mysqlgroupreplication/mysqlgroupreplication_controller.go:98.29,101.4 2 1
github.com/upmio/compose-operator/controller/mysqlgroupreplication/mysqlgroupreplication_controller.go:103.3,104.33 2 0
github.com/upmio/compose-operator/controller/mysqlgroupreplication/mysqlgroupreplication_controller.go:108.2,109.54 2 1
github.com/upmio/compose-operator/controller/mysqlgroupreplication/mysqlgroupreplication_controller.go:109.54,116.3 2 0
github.com/upmio/compose-operator/controller/mysqlgroupreplication/mysqlgroupreplication_controller.go:118.2,129.16 5 1
github.com/upmio/compose-operator/controller/mysqlgroupreplication/mysqlgroupreplication_controller.go:129.16,132.3 2 0
github.com/upmio/compose-operator/controller/mysqlgroupreplication/mysqlgroupreplication_controller.go:132.8,137.121 3 1
github.com/upmio/compose-operator/controller/mysqlgroupreplication/mysqlgroupreplication_controller.go:137.121,139.94 2 1
github.com/upmio/compose-operator/controller/mysqlgroupreplication/mysqlgroupreplication_controller.go:139.94,142.5 2 1
github.com/upmio/compose-operator/controller/mysqlgroupreplication/mysqlgroupreplication_controller.go:142.10,144.5 1 0
github.com/upmio/compose-operator/controller/mysqlgroupreplication/mysqlgroupreplication_controller.go:146.3,146.96 1 1
github.com/upmio/compose-operator/controller/mysqlgroupreplication/mysqlgroupreplication_controller.go:149.2,149.51 1 1
github.com/upmio/compose-operator/controller/mysqlgroupreplication/mysqlgroupreplication_controller.go:149.51,153.3 3 0
github.com/upmio/compose-operator/controller/mysqlgroupreplication/mysqlgroupreplication_controller.go:153.8,155.3 1 0
github.com/upmio/compose-operator/controller/mysqlgroupreplication/mysqlgroupreplication_controller.go:157.2,162.8 2 0
github.com/upmio/compose-operator/controller/mysqlgroupreplication/mysqlgroupreplication_controller.go:165.36,173.167 2 1
github.com/upmio/compose-operator/controller/mysqlgroupreplication/mysqlgroupreplication_controller.go:173.167,175.44 2 1
github.com/upmio/compose-operator/controller/mysqlgroupreplication/mysqlgroupreplication_controller.go:175.44,177.4 1 0
github.com/upmio/compose-operator/controller/mysqlgroupreplication/mysqlgroupreplication_controller.go:178.3,178.13 1 1
github.com/upmio/compose-operator/controller/mysqlgroupreplication/mysqlgroupreplication_controller.go:179.17,181.3 1 0
github.com/upmio/compose-operator/controller/mysqlgroupreplication/mysqlgroupreplication_controller.go:184.2,186.46 1 1
github.com/upmio/compose-operator/controller/mysqlgroupreplication/mysqlgroupreplication_controller.go:186.46,192.4 3 1
github.com/upmio/compose-operator/controller/mysqlgroupreplication/mysqlgroupreplication_controller.go:195.46,197.4 1 1
github.com/upmio/compose-operator/controller/mysqlgroupreplication/mysqlgroupreplication_controller.go:200.46,202.4 1 1
github.com/upmio/compose-operator/controller/mysqlgroupreplication/mysqlgroupreplication_controller.go:205.48,207.4 1 0
github.com/upmio/compose-operator/controller/mysqlgroupreplication/mysqlgroupreplication_controller.go:210.2,219.14 1 1
github.com/upmio/compose-operator/controller/mysqlgroupreplication/status.go:38.25,40.59 1 0
github.com/upmio/compose-operator/controller/mysqlgroupreplication/status.go:40.59,41.76 1 0
github.com/upmio/compose-operator/controller/mysqlgroupreplication/status.go:41.76,43.4 1 0
github.com/upmio/compose-operator/controller/mysqlgroupreplication/status.go:47.103,49.28 1 0
github.com/upmio/compose-operator/controller/mysqlgroupreplication/status.go:49.28,52.3 2 0
github.com/upmio/compose-operator/controller/mysqlgroupreplication/status.go:54.2,54.44 1 0
github.com/upmio/compose-operator/controller/mysqlgroupreplication/status.go:54.44,57.3 2 0
github.com/upmio/compose-operator/controller/mysqlgroupreplication/status.go:59.2,59.44 1 0
github.com/upmio/compose-operator/controller/mysqlgroupreplication/status.go:59.44,60.47 1 0
github.com/upmio/compose-operator/controller/mysqlgroupreplication/status.go:60.47,63.4 2 0
github.com/upmio/compose-operator/controller/mysqlgroupreplication/status.go:63.9,63.51 1 0
github.com/upmio/compose-operator/controller/mysqlgroupreplication/status.go:63.51,65.4 1 0
github.com/upmio/compose-operator/controller/mysqlgroupreplication/status.go:68.2,68.56 1 0
github.com/upmio/compose-operator/controller/mysqlgroupreplication/status.go:68.56,71.3 2 0
github.com/upmio/compose-operator/controller/mysqlgroupreplication/status.go:73.2,73.14 1 0
github.com/upmio/compose-operator/controller/mysqlgroupreplication/status.go:76.104,77.78 1 0
github.com/upmio/compose-operator/controller/mysqlgroupreplication/status.go:77.78,80.3 2 0
github.com/upmio/compose-operator/controller/mysqlgroupreplication/status.go:82.2,82.86 1 0
github.com/upmio/compose-operator/controller/mysqlgroupreplication/status.go:82.86,85.3 2 0
github.com/upmio/compose-operator/controller/mysqlgroupreplication/status.go:87.2,87.94 1 0
github.com/upmio/compose-operator/controller/mysqlgroupreplication/status.go:87.94,90.3 2 0
github.com/upmio/compose-operator/controller/mysqlgroupreplication/status.go:92.2,92.100 1 0
github.com/upmio/compose-operator/controller/mysqlgroupreplication/status.go:92.100,95.3 2 0
github.com/upmio/compose-operator/controller/mysqlgroupreplication/status.go:97.2,97.99 1 0
github.com/upmio/compose-operator/controller/mysqlgroupreplication/status.go:97.99,100.3 2 0
github.com/upmio/compose-operator/controller/mysqlgroupreplication/status.go:102.2,102.38 1 0
github.com/upmio/compose-operator/controller/mysqlgroupreplication/status.go:102.38,105.3 2 0
github.com/upmio/compose-operator/controller/mysqlgroupreplication/status.go:107.2,107.48 1 0
github.com/upmio/compose-operator/controller/mysqlgroupreplication/status.go:107.48,110.3 2 0
github.com/upmio/compose-operator/controller/mysqlgroupreplication/status.go:112.2,112.102 1 0
github.com/upmio/compose-operator/controller/mysqlgroupreplication/status.go:112.102,115.3 2 0
github.com/upmio/compose-operator/controller/mysqlgroupreplication/status.go:117.2,117.14 1 0
github.com/upmio/compose-operator/controller/mysqlgroupreplication/status.go:120.126,126.44 4 1
github.com/upmio/compose-operator/controller/mysqlgroupreplication/status.go:126.44,137.3 1 1
github.com/upmio/compose-operator/controller/mysqlgroupreplication/status.go:139.2,139.15 1 1
github.com/upmio/compose-operator/controller/mysqlgroupreplication/status.go:142.123,144.44 2 1
github.com/upmio/compose-operator/controller/mysqlgroupreplication/status.go:144.44,146.43 2 1
github.com/upmio/compose-operator/controller/mysqlgroupreplication/status.go:146.43,154.4 6 1
github.com/upmio/compose-operator/controller/mysqlgroupreplication/status.go:154.9,156.4 1 0
github.com/upmio/compose-operator/controller/mysqlgroupreplication/status.go:159.2,159.66 1 1
github.com/upmio/compose-operator/controller/mysqlgroupreplication/status.go:159.66,161.3 1 0
github.com/upmio/compose-operator/controller/mysqlgroupreplication/status.go:165.57,172.2 1 0
github.com/upmio/compose-operator/controller/mysqlgroupreplication/status.go:175.65,182.2 1 1
github.com/upmio/compose-operator/controller/mysqlgroupreplication/status.go:185.57,192.2 1 0
github.com/upmio/compose-operator/controller/mysqlgroupreplication/status.go:195.65,202.2 1 0
